[2025-10-10 03:28:55] local.EMERGENCY: File:/home/u907354579/domains/newpiyathissa.lbmspark.com/public_html/vendor/laravel/framework/src/Illuminate/Database/Connection.phpLine:760Message:SQLSTATE[23000]: Integrity constraint violation: 1452 Cannot add or update a child row: a foreign key constraint fails (`u907354579_newpiyatssa`.`products`, CONSTRAINT `products_created_by_foreign` FOREIGN KEY (`created_by`) REFERENCES `users` (`id`) ON DELETE CASCADE) (SQL: insert into `products` (`name`, `brand_id`, `unit_id`, `category_id`, `type`, `sku`, `alert_quantity`, `weight`, `product_description`, `preparation_time_in_minutes`, `product_custom_field1`, `product_custom_field2`, `business_id`, `created_by`, `enable_stock`, `not_for_selling`, `image`, `warranty_id`, `updated_at`, `created_at`) values (est, ?, 1, ?, single,  , ?, ?, ?, ?, ?, ?, 1, 1, 1, 0, ?, ?, 2025-10-10 03:28:55, 2025-10-10 03:28:55))  
[2025-10-10 03:35:44] local.EMERGENCY: File:/home/u907354579/domains/newpiyathissa.lbmspark.com/public_html/app/Http/Controllers/ProductController.phpLine:391Message:Undefined variable $value  
[2025-10-10 03:36:09] local.EMERGENCY: File:/home/u907354579/domains/newpiyathissa.lbmspark.com/public_html/app/Http/Controllers/ProductController.phpLine:391Message:Undefined variable $value  
[2025-10-10 11:00:42] local.ERROR: View [sale_pos.partials.product_list] not found. {"userId":7,"exception":"[object] (InvalidArgumentException(code: 0): View [sale_pos.partials.product_list] not found. at /home/u907354579/domains/newpiyathissa.lbmspark.com/public_html/vendor/laravel/framework/src/Illuminate/View/FileViewFinder.php:137)
[stacktrace]
#0 /home/u907354579/domains/newpiyathissa.lbmspark.com/public_html/vendor/laravel/framework/src/Illuminate/View/FileViewFinder.php(79): Illuminate\\View\\FileViewFinder->findInPaths()
#1 /home/u907354579/domains/newpiyathissa.lbmspark.com/public_html/vendor/laravel/framework/src/Illuminate/View/Factory.php(137): Illuminate\\View\\FileViewFinder->find()
#2 /home/u907354579/domains/newpiyathissa.lbmspark.com/public_html/vendor/laravel/framework/src/Illuminate/Foundation/helpers.php(1035): Illuminate\\View\\Factory->make()
#3 /home/u907354579/domains/newpiyathissa.lbmspark.com/public_html/app/Http/Controllers/ProductController.php(1110): view()
#4 /home/u907354579/domains/newpiyathissa.lbmspark.com/public_html/vendor/laravel/framework/src/Illuminate/Routing/Controller.php(54): App\\Http\\Controllers\\ProductController->getProducts()
#5 /home/u907354579/domains/newpiyathissa.lbmspark.com/public_html/vendor/laravel/framework/src/Illuminate/Routing/ControllerDispatcher.php(43): Illuminate\\Routing\\Controller->callAction()
#6 /home/u907354579/domains/newpiyathissa.lbmspark.com/public_html/vendor/laravel/framework/src/Illuminate/Routing/Route.php(259): Illuminate\\Routing\\ControllerDispatcher->dispatch()
#7 /home/u907354579/domains/newpiyathissa.lbmspark.com/public_html/vendor/laravel/framework/src/Illuminate/Routing/Route.php(205): Illuminate\\Routing\\Route->runController()
#8 /home/u907354579/domains/newpiyathissa.lbmspark.com/public_html/vendor/laravel/framework/src/Illuminate/Routing/Router.php(798): Illuminate\\Routing\\Route->run()
#9 /home/u907354579/domains/newpiyathissa.lbmspark.com/public_html/vendor/laravel/framework/src/Illuminate/Pipeline/Pipeline.php(141): Illuminate\\Routing\\Router->Illuminate\\Routing\\{closure}()
#10 /home/u907354579/domains/newpiyathissa.lbmspark.com/public_html/app/Http/Middleware/CheckUserLogin.php(22): Illuminate\\Pipeline\\Pipeline->Illuminate\\Pipeline\\{closure}()
#11 /home/u907354579/domains/newpiyathissa.lbmspark.com/public_html/vendor/laravel/framework/src/Illuminate/Pipeline/Pipeline.php(180): App\\Http\\Middleware\\CheckUserLogin->handle()
#12 /home/u907354579/domains/newpiyathissa.lbmspark.com/public_html/app/Http/Middleware/AdminSidebarMenu.php(22): Illuminate\\Pipeline\\Pipeline->Illuminate\\Pipeline\\{closure}()
#13 /home/u907354579/domains/newpiyathissa.lbmspark.com/public_html/vendor/laravel/framework/src/Illuminate/Pipeline/Pipeline.php(180): App\\Http\\Middleware\\AdminSidebarMenu->handle()
#14 /home/u907354579/domains/newpiyathissa.lbmspark.com/public_html/app/Http/Middleware/Timezone.php(30): Illuminate\\Pipeline\\Pipeline->Illuminate\\Pipeline\\{closure}()
#15 /home/u907354579/domains/newpiyathissa.lbmspark.com/public_html/vendor/laravel/framework/src/Illuminate/Pipeline/Pipeline.php(180): App\\Http\\Middleware\\Timezone->handle()
#16 /home/u907354579/domains/newpiyathissa.lbmspark.com/public_html/app/Http/Middleware/Language.php(25): Illuminate\\Pipeline\\Pipeline->Illuminate\\Pipeline\\{closure}()
#17 /home/u907354579/domains/newpiyathissa.lbmspark.com/public_html/vendor/laravel/framework/src/Illuminate/Pipeline/Pipeline.php(180): App\\Http\\Middleware\\Language->handle()
#18 /home/u907354579/domains/newpiyathissa.lbmspark.com/public_html/app/Http/Middleware/SetSessionData.php(52): Illuminate\\Pipeline\\Pipeline->Illuminate\\Pipeline\\{closure}()
#19 /home/u907354579/domains/newpiyathissa.lbmspark.com/public_html/vendor/laravel/framework/src/Illuminate/Pipeline/Pipeline.php(180): App\\Http\\Middleware\\SetSessionData->handle()
#20 /home/u907354579/domains/newpiyathissa.lbmspark.com/public_html/app/Http/Middleware/IsInstalled.php(50): Illuminate\\Pipeline\\Pipeline->Illuminate\\Pipeline\\{closure}()
#21 /home/u907354579/domains/newpiyathissa.lbmspark.com/public_html/vendor/laravel/framework/src/Illuminate/Pipeline/Pipeline.php(180): App\\Http\\Middleware\\IsInstalled->handle()
#22 /home/u907354579/domains/newpiyathissa.lbmspark.com/public_html/app/Http/Middleware/DynamicDatabaseMiddleware.php(19): Illuminate\\Pipeline\\Pipeline->Illuminate\\Pipeline\\{closure}()
#23 /home/u907354579/domains/newpiyathissa.lbmspark.com/public_html/vendor/laravel/framework/src/Illuminate/Pipeline/Pipeline.php(180): App\\Http\\Middleware\\DynamicDatabaseMiddleware->handle()
#24 /home/u907354579/domains/newpiyathissa.lbmspark.com/public_html/vendor/laravel/framework/src/Illuminate/Routing/Middleware/SubstituteBindings.php(50): Illuminate\\Pipeline\\Pipeline->Illuminate\\Pipeline\\{closure}()
#25 /home/u907354579/domains/newpiyathissa.lbmspark.com/public_html/vendor/laravel/framework/src/Illuminate/Pipeline/Pipeline.php(180): Illuminate\\Routing\\Middleware\\SubstituteBindings->handle()
#26 /home/u907354579/domains/newpiyathissa.lbmspark.com/public_html/vendor/laravel/framework/src/Illuminate/Auth/Middleware/Authenticate.php(44): Illuminate\\Pipeline\\Pipeline->Illuminate\\Pipeline\\{closure}()
#27 /home/u907354579/domains/newpiyathissa.lbmspark.com/public_html/vendor/laravel/framework/src/Illuminate/Pipeline/Pipeline.php(180): Illuminate\\Auth\\Middleware\\Authenticate->handle()
#28 /home/u907354579/domains/newpiyathissa.lbmspark.com/public_html/vendor/laravel/framework/src/Illuminate/Foundation/Http/Middleware/VerifyCsrfToken.php(78): Illuminate\\Pipeline\\Pipeline->Illuminate\\Pipeline\\{closure}()
#29 /home/u907354579/domains/newpiyathissa.lbmspark.com/public_html/vendor/laravel/framework/src/Illuminate/Pipeline/Pipeline.php(180): Illuminate\\Foundation\\Http\\Middleware\\VerifyCsrfToken->handle()
#30 /home/u907354579/domains/newpiyathissa.lbmspark.com/public_html/vendor/laravel/framework/src/Illuminate/View/Middleware/ShareErrorsFromSession.php(49): Illuminate\\Pipeline\\Pipeline->Illuminate\\Pipeline\\{closure}()
#31 /home/u907354579/domains/newpiyathissa.lbmspark.com/public_html/vendor/laravel/framework/src/Illuminate/Pipeline/Pipeline.php(180): Illuminate\\View\\Middleware\\ShareErrorsFromSession->handle()
#32 /home/u907354579/domains/newpiyathissa.lbmspark.com/public_html/vendor/laravel/framework/src/Illuminate/Session/Middleware/StartSession.php(121): Illuminate\\Pipeline\\Pipeline->Illuminate\\Pipeline\\{closure}()
#33 /home/u907354579/domains/newpiyathissa.lbmspark.com/public_html/vendor/laravel/framework/src/Illuminate/Session/Middleware/StartSession.php(64): Illuminate\\Session\\Middleware\\StartSession->handleStatefulRequest()
#34 /home/u907354579/domains/newpiyathissa.lbmspark.com/public_html/vendor/laravel/framework/src/Illuminate/Pipeline/Pipeline.php(180): Illuminate\\Session\\Middleware\\StartSession->handle()
#35 /home/u907354579/domains/newpiyathissa.lbmspark.com/public_html/vendor/laravel/framework/src/Illuminate/Cookie/Middleware/AddQueuedCookiesToResponse.php(37): Illuminate\\Pipeline\\Pipeline->Illuminate\\Pipeline\\{closure}()
#36 /home/u907354579/domains/newpiyathissa.lbmspark.com/public_html/vendor/laravel/framework/src/Illuminate/Pipeline/Pipeline.php(180): Illuminate\\Cookie\\Middleware\\AddQueuedCookiesToResponse->handle()
#37 /home/u907354579/domains/newpiyathissa.lbmspark.com/public_html/vendor/laravel/framework/src/Illuminate/Cookie/Middleware/EncryptCookies.php(67): Illuminate\\Pipeline\\Pipeline->Illuminate\\Pipeline\\{closure}()
#38 /home/u907354579/domains/newpiyathissa.lbmspark.com/public_html/vendor/laravel/framework/src/Illuminate/Pipeline/Pipeline.php(180): Illuminate\\Cookie\\Middleware\\EncryptCookies->handle()
#39 /home/u907354579/domains/newpiyathissa.lbmspark.com/public_html/vendor/laravel/framework/src/Illuminate/Pipeline/Pipeline.php(116): Illuminate\\Pipeline\\Pipeline->Illuminate\\Pipeline\\{closure}()
#40 /home/u907354579/domains/newpiyathissa.lbmspark.com/public_html/vendor/laravel/framework/src/Illuminate/Routing/Router.php(797): Illuminate\\Pipeline\\Pipeline->then()
#41 /home/u907354579/domains/newpiyathissa.lbmspark.com/public_html/vendor/laravel/framework/src/Illuminate/Routing/Router.php(776): Illuminate\\Routing\\Router->runRouteWithinStack()
#42 /home/u907354579/domains/newpiyathissa.lbmspark.com/public_html/vendor/laravel/framework/src/Illuminate/Routing/Router.php(740): Illuminate\\Routing\\Router->runRoute()
#43 /home/u907354579/domains/newpiyathissa.lbmspark.com/public_html/vendor/laravel/framework/src/Illuminate/Routing/Router.php(729): Illuminate\\Routing\\Router->dispatchToRoute()
#44 /home/u907354579/domains/newpiyathissa.lbmspark.com/public_html/vendor/laravel/framework/src/Illuminate/Foundation/Http/Kernel.php(190): Illuminate\\Routing\\Router->dispatch()
#45 /home/u907354579/domains/newpiyathissa.lbmspark.com/public_html/vendor/laravel/framework/src/Illuminate/Pipeline/Pipeline.php(141): Illuminate\\Foundation\\Http\\Kernel->Illuminate\\Foundation\\Http\\{closure}()
#46 /home/u907354579/domains/newpiyathissa.lbmspark.com/public_html/vendor/barryvdh/laravel-debugbar/src/Middleware/InjectDebugbar.php(59): Illuminate\\Pipeline\\Pipeline->Illuminate\\Pipeline\\{closure}()
#47 /home/u907354579/domains/newpiyathissa.lbmspark.com/public_html/vendor/laravel/framework/src/Illuminate/Pipeline/Pipeline.php(180): Barryvdh\\Debugbar\\Middleware\\InjectDebugbar->handle()
#48 /home/u907354579/domains/newpiyathissa.lbmspark.com/public_html/vendor/laravel/framework/src/Illuminate/Foundation/Http/Middleware/TransformsRequest.php(21): Illuminate\\Pipeline\\Pipeline->Illuminate\\Pipeline\\{closure}()
#49 /home/u907354579/domains/newpiyathissa.lbmspark.com/public_html/vendor/laravel/framework/src/Illuminate/Foundation/Http/Middleware/ConvertEmptyStringsToNull.php(31): Illuminate\\Foundation\\Http\\Middleware\\TransformsRequest->handle()
#50 /home/u907354579/domains/newpiyathissa.lbmspark.com/public_html/vendor/laravel/framework/src/Illuminate/Pipeline/Pipeline.php(180): Illuminate\\Foundation\\Http\\Middleware\\ConvertEmptyStringsToNull->handle()
#51 /home/u907354579/domains/newpiyathissa.lbmspark.com/public_html/vendor/laravel/framework/src/Illuminate/Foundation/Http/Middleware/TransformsRequest.php(21): Illuminate\\Pipeline\\Pipeline->Illuminate\\Pipeline\\{closure}()
#52 /home/u907354579/domains/newpiyathissa.lbmspark.com/public_html/vendor/laravel/framework/src/Illuminate/Foundation/Http/Middleware/TrimStrings.php(40): Illuminate\\Foundation\\Http\\Middleware\\TransformsRequest->handle()
#53 /home/u907354579/domains/newpiyathissa.lbmspark.com/public_html/vendor/laravel/framework/src/Illuminate/Pipeline/Pipeline.php(180): Illuminate\\Foundation\\Http\\Middleware\\TrimStrings->handle()
#54 /home/u907354579/domains/newpiyathissa.lbmspark.com/public_html/vendor/laravel/framework/src/Illuminate/Foundation/Http/Middleware/ValidatePostSize.php(27): Illuminate\\Pipeline\\Pipeline->Illuminate\\Pipeline\\{closure}()
#55 /home/u907354579/domains/newpiyathissa.lbmspark.com/public_html/vendor/laravel/framework/src/Illuminate/Pipeline/Pipeline.php(180): Illuminate\\Foundation\\Http\\Middleware\\ValidatePostSize->handle()
#56 /home/u907354579/domains/newpiyathissa.lbmspark.com/public_html/vendor/laravel/framework/src/Illuminate/Foundation/Http/Middleware/PreventRequestsDuringMaintenance.php(86): Illuminate\\Pipeline\\Pipeline->Illuminate\\Pipeline\\{closure}()
#57 /home/u907354579/domains/newpiyathissa.lbmspark.com/public_html/vendor/laravel/framework/src/Illuminate/Pipeline/Pipeline.php(180): Illuminate\\Foundation\\Http\\Middleware\\PreventRequestsDuringMaintenance->handle()
#58 /home/u907354579/domains/newpiyathissa.lbmspark.com/public_html/vendor/laravel/framework/src/Illuminate/Http/Middleware/HandleCors.php(49): Illuminate\\Pipeline\\Pipeline->Illuminate\\Pipeline\\{closure}()
#59 /home/u907354579/domains/newpiyathissa.lbmspark.com/public_html/vendor/laravel/framework/src/Illuminate/Pipeline/Pipeline.php(180): Illuminate\\Http\\Middleware\\HandleCors->handle()
#60 /home/u907354579/domains/newpiyathissa.lbmspark.com/public_html/vendor/laravel/framework/src/Illuminate/Http/Middleware/TrustProxies.php(39): Illuminate\\Pipeline\\Pipeline->Illuminate\\Pipeline\\{closure}()
#61 /home/u907354579/domains/newpiyathissa.lbmspark.com/public_html/vendor/laravel/framework/src/Illuminate/Pipeline/Pipeline.php(180): Illuminate\\Http\\Middleware\\TrustProxies->handle()
#62 /home/u907354579/domains/newpiyathissa.lbmspark.com/public_html/vendor/laravel/framework/src/Illuminate/Pipeline/Pipeline.php(116): Illuminate\\Pipeline\\Pipeline->Illuminate\\Pipeline\\{closure}()
#63 /home/u907354579/domains/newpiyathissa.lbmspark.com/public_html/vendor/laravel/framework/src/Illuminate/Foundation/Http/Kernel.php(165): Illuminate\\Pipeline\\Pipeline->then()
#64 /home/u907354579/domains/newpiyathissa.lbmspark.com/public_html/vendor/laravel/framework/src/Illuminate/Foundation/Http/Kernel.php(134): Illuminate\\Foundation\\Http\\Kernel->sendRequestThroughRouter()
#65 /home/u907354579/domains/newpiyathissa.lbmspark.com/public_html/public/index.php(51): Illuminate\\Foundation\\Http\\Kernel->handle()
#66 {main}
"} 
[2025-10-10 11:09:47] local.EMERGENCY: File:/home/u907354579/domains/newpiyathissa.lbmspark.com/public_html/vendor/laravel/framework/src/Illuminate/Database/Connection.phpLine:760Message:SQLSTATE[23000]: Integrity constraint violation: 1452 Cannot add or update a child row: a foreign key constraint fails (`u907354579_newpiyatssa`.`products`, CONSTRAINT `products_created_by_foreign` FOREIGN KEY (`created_by`) REFERENCES `users` (`id`) ON DELETE CASCADE) (SQL: insert into `products` (`name`, `brand_id`, `unit_id`, `category_id`, `type`, `sku`, `alert_quantity`, `weight`, `product_description`, `preparation_time_in_minutes`, `product_custom_field1`, `product_custom_field2`, `business_id`, `created_by`, `enable_stock`, `not_for_selling`, `image`, `warranty_id`, `updated_at`, `created_at`) values (TEST, ?, 1, ?, single, TT, 1, ?, ?, ?, ?, ?, 1, 1, 1, 0, ?, ?, 2025-10-10 11:09:47, 2025-10-10 11:09:47))  
[2025-10-10 11:09:47] local.EMERGENCY: File:/home/u907354579/domains/newpiyathissa.lbmspark.com/public_html/vendor/laravel/framework/src/Illuminate/Database/Connection.phpLine:760Message:SQLSTATE[23000]: Integrity constraint violation: 1452 Cannot add or update a child row: a foreign key constraint fails (`u907354579_newpiyatssa`.`products`, CONSTRAINT `products_business_id_foreign` FOREIGN KEY (`business_id`) REFERENCES `business` (`id`) ON DELETE CASCADE) (SQL: insert into `products` (`name`, `brand_id`, `unit_id`, `category_id`, `type`, `sku`, `alert_quantity`, `weight`, `product_description`, `preparation_time_in_minutes`, `product_custom_field1`, `product_custom_field2`, `business_id`, `created_by`, `enable_stock`, `not_for_selling`, `image`, `warranty_id`, `updated_at`, `created_at`) values (TEST, ?, 1, ?, single, TT, 1, ?, ?, ?, ?, ?, 2, 2, 1, 0, ?, ?, 2025-10-10 11:09:47, 2025-10-10 11:09:47))  
