[2025-10-12 18:36:42] local.ERROR: Not enough data available to satisfy format {"view":{"view":"/home/u907354579/domains/newpiyathissa.lbmspark.com/public_html/resources/views/cash_register/close_register_modal.blade.php","data":[]},"userId":7,"exception":"[object] (Spatie\\LaravelIgnition\\Exceptions\\ViewException(code: 0): Not enough data available to satisfy format at /home/u907354579/domains/newpiyathissa.lbmspark.com/public_html/vendor/nesbot/carbon/src/Carbon/Traits/Creator.php:690)
[stacktrace]
#0 /home/u907354579/domains/newpiyathissa.lbmspark.com/public_html/vendor/nesbot/carbon/src/Carbon/Traits/Creator.php(713): Carbon\\Carbon::rawCreateFromFormat()
#1 /home/u907354579/domains/newpiyathissa.lbmspark.com/public_html/resources/views/cash_register/close_register_modal.blade.php(8): Carbon\\Carbon::createFromFormat()
#2 /home/u907354579/domains/newpiyathissa.lbmspark.com/public_html/vendor/laravel/framework/src/Illuminate/Filesystem/Filesystem.php(109): require('/home/u90735457...')
#3 /home/u907354579/domains/newpiyathissa.lbmspark.com/public_html/vendor/laravel/framework/src/Illuminate/Filesystem/Filesystem.php(110): Illuminate\\Filesystem\\Filesystem::Illuminate\\Filesystem\\{closure}()
#4 /home/u907354579/domains/newpiyathissa.lbmspark.com/public_html/vendor/laravel/framework/src/Illuminate/View/Engines/PhpEngine.php(58): Illuminate\\Filesystem\\Filesystem->getRequire()
#5 /home/u907354579/domains/newpiyathissa.lbmspark.com/public_html/vendor/laravel/framework/src/Illuminate/View/Engines/CompilerEngine.php(70): Illuminate\\View\\Engines\\PhpEngine->evaluatePath()
#6 /home/u907354579/domains/newpiyathissa.lbmspark.com/public_html/vendor/laravel/framework/src/Illuminate/View/View.php(195): Illuminate\\View\\Engines\\CompilerEngine->get()
#7 /home/u907354579/domains/newpiyathissa.lbmspark.com/public_html/vendor/laravel/framework/src/Illuminate/View/View.php(178): Illuminate\\View\\View->getContents()
#8 /home/u907354579/domains/newpiyathissa.lbmspark.com/public_html/vendor/laravel/framework/src/Illuminate/View/View.php(147): Illuminate\\View\\View->renderContents()
#9 /home/u907354579/domains/newpiyathissa.lbmspark.com/public_html/vendor/laravel/framework/src/Illuminate/Http/Response.php(69): Illuminate\\View\\View->render()
#10 /home/u907354579/domains/newpiyathissa.lbmspark.com/public_html/vendor/laravel/framework/src/Illuminate/Http/Response.php(35): Illuminate\\Http\\Response->setContent()
#11 /home/u907354579/domains/newpiyathissa.lbmspark.com/public_html/vendor/laravel/framework/src/Illuminate/Routing/Router.php(906): Illuminate\\Http\\Response->__construct()
#12 /home/u907354579/domains/newpiyathissa.lbmspark.com/public_html/vendor/laravel/framework/src/Illuminate/Routing/Router.php(875): Illuminate\\Routing\\Router::toResponse()
#13 /home/u907354579/domains/newpiyathissa.lbmspark.com/public_html/vendor/laravel/framework/src/Illuminate/Routing/Router.php(797): Illuminate\\Routing\\Router->prepareResponse()
#14 /home/u907354579/domains/newpiyathissa.lbmspark.com/public_html/vendor/laravel/framework/src/Illuminate/Pipeline/Pipeline.php(141): Illuminate\\Routing\\Router->Illuminate\\Routing\\{closure}()
#15 /home/u907354579/domains/newpiyathissa.lbmspark.com/public_html/app/Http/Middleware/CheckUserLogin.php(22): Illuminate\\Pipeline\\Pipeline->Illuminate\\Pipeline\\{closure}()
#16 /home/u907354579/domains/newpiyathissa.lbmspark.com/public_html/vendor/laravel/framework/src/Illuminate/Pipeline/Pipeline.php(180): App\\Http\\Middleware\\CheckUserLogin->handle()
#17 /home/u907354579/domains/newpiyathissa.lbmspark.com/public_html/app/Http/Middleware/AdminSidebarMenu.php(22): Illuminate\\Pipeline\\Pipeline->Illuminate\\Pipeline\\{closure}()
#18 /home/u907354579/domains/newpiyathissa.lbmspark.com/public_html/vendor/laravel/framework/src/Illuminate/Pipeline/Pipeline.php(180): App\\Http\\Middleware\\AdminSidebarMenu->handle()
#19 /home/u907354579/domains/newpiyathissa.lbmspark.com/public_html/app/Http/Middleware/Timezone.php(30): Illuminate\\Pipeline\\Pipeline->Illuminate\\Pipeline\\{closure}()
#20 /home/u907354579/domains/newpiyathissa.lbmspark.com/public_html/vendor/laravel/framework/src/Illuminate/Pipeline/Pipeline.php(180): App\\Http\\Middleware\\Timezone->handle()
#21 /home/u907354579/domains/newpiyathissa.lbmspark.com/public_html/app/Http/Middleware/Language.php(25): Illuminate\\Pipeline\\Pipeline->Illuminate\\Pipeline\\{closure}()
#22 /home/u907354579/domains/newpiyathissa.lbmspark.com/public_html/vendor/laravel/framework/src/Illuminate/Pipeline/Pipeline.php(180): App\\Http\\Middleware\\Language->handle()
#23 /home/u907354579/domains/newpiyathissa.lbmspark.com/public_html/app/Http/Middleware/SetSessionData.php(52): Illuminate\\Pipeline\\Pipeline->Illuminate\\Pipeline\\{closure}()
#24 /home/u907354579/domains/newpiyathissa.lbmspark.com/public_html/vendor/laravel/framework/src/Illuminate/Pipeline/Pipeline.php(180): App\\Http\\Middleware\\SetSessionData->handle()
#25 /home/u907354579/domains/newpiyathissa.lbmspark.com/public_html/app/Http/Middleware/IsInstalled.php(50): Illuminate\\Pipeline\\Pipeline->Illuminate\\Pipeline\\{closure}()
#26 /home/u907354579/domains/newpiyathissa.lbmspark.com/public_html/vendor/laravel/framework/src/Illuminate/Pipeline/Pipeline.php(180): App\\Http\\Middleware\\IsInstalled->handle()
#27 /home/u907354579/domains/newpiyathissa.lbmspark.com/public_html/app/Http/Middleware/DynamicDatabaseMiddleware.php(19): Illuminate\\Pipeline\\Pipeline->Illuminate\\Pipeline\\{closure}()
#28 /home/u907354579/domains/newpiyathissa.lbmspark.com/public_html/vendor/laravel/framework/src/Illuminate/Pipeline/Pipeline.php(180): App\\Http\\Middleware\\DynamicDatabaseMiddleware->handle()
#29 /home/u907354579/domains/newpiyathissa.lbmspark.com/public_html/vendor/laravel/framework/src/Illuminate/Routing/Middleware/SubstituteBindings.php(50): Illuminate\\Pipeline\\Pipeline->Illuminate\\Pipeline\\{closure}()
#30 /home/u907354579/domains/newpiyathissa.lbmspark.com/public_html/vendor/laravel/framework/src/Illuminate/Pipeline/Pipeline.php(180): Illuminate\\Routing\\Middleware\\SubstituteBindings->handle()
#31 /home/u907354579/domains/newpiyathissa.lbmspark.com/public_html/vendor/laravel/framework/src/Illuminate/Auth/Middleware/Authenticate.php(44): Illuminate\\Pipeline\\Pipeline->Illuminate\\Pipeline\\{closure}()
#32 /home/u907354579/domains/newpiyathissa.lbmspark.com/public_html/vendor/laravel/framework/src/Illuminate/Pipeline/Pipeline.php(180): Illuminate\\Auth\\Middleware\\Authenticate->handle()
#33 /home/u907354579/domains/newpiyathissa.lbmspark.com/public_html/vendor/laravel/framework/src/Illuminate/Foundation/Http/Middleware/VerifyCsrfToken.php(78): Illuminate\\Pipeline\\Pipeline->Illuminate\\Pipeline\\{closure}()
#34 /home/u907354579/domains/newpiyathissa.lbmspark.com/public_html/vendor/laravel/framework/src/Illuminate/Pipeline/Pipeline.php(180): Illuminate\\Foundation\\Http\\Middleware\\VerifyCsrfToken->handle()
#35 /home/u907354579/domains/newpiyathissa.lbmspark.com/public_html/vendor/laravel/framework/src/Illuminate/View/Middleware/ShareErrorsFromSession.php(49): Illuminate\\Pipeline\\Pipeline->Illuminate\\Pipeline\\{closure}()
#36 /home/u907354579/domains/newpiyathissa.lbmspark.com/public_html/vendor/laravel/framework/src/Illuminate/Pipeline/Pipeline.php(180): Illuminate\\View\\Middleware\\ShareErrorsFromSession->handle()
#37 /home/u907354579/domains/newpiyathissa.lbmspark.com/public_html/vendor/laravel/framework/src/Illuminate/Session/Middleware/StartSession.php(121): Illuminate\\Pipeline\\Pipeline->Illuminate\\Pipeline\\{closure}()
#38 /home/u907354579/domains/newpiyathissa.lbmspark.com/public_html/vendor/laravel/framework/src/Illuminate/Session/Middleware/StartSession.php(64): Illuminate\\Session\\Middleware\\StartSession->handleStatefulRequest()
#39 /home/u907354579/domains/newpiyathissa.lbmspark.com/public_html/vendor/laravel/framework/src/Illuminate/Pipeline/Pipeline.php(180): Illuminate\\Session\\Middleware\\StartSession->handle()
#40 /home/u907354579/domains/newpiyathissa.lbmspark.com/public_html/vendor/laravel/framework/src/Illuminate/Cookie/Middleware/AddQueuedCookiesToResponse.php(37): Illuminate\\Pipeline\\Pipeline->Illuminate\\Pipeline\\{closure}()
#41 /home/u907354579/domains/newpiyathissa.lbmspark.com/public_html/vendor/laravel/framework/src/Illuminate/Pipeline/Pipeline.php(180): Illuminate\\Cookie\\Middleware\\AddQueuedCookiesToResponse->handle()
#42 /home/u907354579/domains/newpiyathissa.lbmspark.com/public_html/vendor/laravel/framework/src/Illuminate/Cookie/Middleware/EncryptCookies.php(67): Illuminate\\Pipeline\\Pipeline->Illuminate\\Pipeline\\{closure}()
#43 /home/u907354579/domains/newpiyathissa.lbmspark.com/public_html/vendor/laravel/framework/src/Illuminate/Pipeline/Pipeline.php(180): Illuminate\\Cookie\\Middleware\\EncryptCookies->handle()
#44 /home/u907354579/domains/newpiyathissa.lbmspark.com/public_html/vendor/laravel/framework/src/Illuminate/Pipeline/Pipeline.php(116): Illuminate\\Pipeline\\Pipeline->Illuminate\\Pipeline\\{closure}()
#45 /home/u907354579/domains/newpiyathissa.lbmspark.com/public_html/vendor/laravel/framework/src/Illuminate/Routing/Router.php(797): Illuminate\\Pipeline\\Pipeline->then()
#46 /home/u907354579/domains/newpiyathissa.lbmspark.com/public_html/vendor/laravel/framework/src/Illuminate/Routing/Router.php(776): Illuminate\\Routing\\Router->runRouteWithinStack()
#47 /home/u907354579/domains/newpiyathissa.lbmspark.com/public_html/vendor/laravel/framework/src/Illuminate/Routing/Router.php(740): Illuminate\\Routing\\Router->runRoute()
#48 /home/u907354579/domains/newpiyathissa.lbmspark.com/public_html/vendor/laravel/framework/src/Illuminate/Routing/Router.php(729): Illuminate\\Routing\\Router->dispatchToRoute()
#49 /home/u907354579/domains/newpiyathissa.lbmspark.com/public_html/vendor/laravel/framework/src/Illuminate/Foundation/Http/Kernel.php(190): Illuminate\\Routing\\Router->dispatch()
#50 /home/u907354579/domains/newpiyathissa.lbmspark.com/public_html/vendor/laravel/framework/src/Illuminate/Pipeline/Pipeline.php(141): Illuminate\\Foundation\\Http\\Kernel->Illuminate\\Foundation\\Http\\{closure}()
#51 /home/u907354579/domains/newpiyathissa.lbmspark.com/public_html/vendor/barryvdh/laravel-debugbar/src/Middleware/InjectDebugbar.php(59): Illuminate\\Pipeline\\Pipeline->Illuminate\\Pipeline\\{closure}()
#52 /home/u907354579/domains/newpiyathissa.lbmspark.com/public_html/vendor/laravel/framework/src/Illuminate/Pipeline/Pipeline.php(180): Barryvdh\\Debugbar\\Middleware\\InjectDebugbar->handle()
#53 /home/u907354579/domains/newpiyathissa.lbmspark.com/public_html/vendor/laravel/framework/src/Illuminate/Foundation/Http/Middleware/TransformsRequest.php(21): Illuminate\\Pipeline\\Pipeline->Illuminate\\Pipeline\\{closure}()
#54 /home/u907354579/domains/newpiyathissa.lbmspark.com/public_html/vendor/laravel/framework/src/Illuminate/Foundation/Http/Middleware/ConvertEmptyStringsToNull.php(31): Illuminate\\Foundation\\Http\\Middleware\\TransformsRequest->handle()
#55 /home/u907354579/domains/newpiyathissa.lbmspark.com/public_html/vendor/laravel/framework/src/Illuminate/Pipeline/Pipeline.php(180): Illuminate\\Foundation\\Http\\Middleware\\ConvertEmptyStringsToNull->handle()
#56 /home/u907354579/domains/newpiyathissa.lbmspark.com/public_html/vendor/laravel/framework/src/Illuminate/Foundation/Http/Middleware/TransformsRequest.php(21): Illuminate\\Pipeline\\Pipeline->Illuminate\\Pipeline\\{closure}()
#57 /home/u907354579/domains/newpiyathissa.lbmspark.com/public_html/vendor/laravel/framework/src/Illuminate/Foundation/Http/Middleware/TrimStrings.php(40): Illuminate\\Foundation\\Http\\Middleware\\TransformsRequest->handle()
#58 /home/u907354579/domains/newpiyathissa.lbmspark.com/public_html/vendor/laravel/framework/src/Illuminate/Pipeline/Pipeline.php(180): Illuminate\\Foundation\\Http\\Middleware\\TrimStrings->handle()
#59 /home/u907354579/domains/newpiyathissa.lbmspark.com/public_html/vendor/laravel/framework/src/Illuminate/Foundation/Http/Middleware/ValidatePostSize.php(27): Illuminate\\Pipeline\\Pipeline->Illuminate\\Pipeline\\{closure}()
#60 /home/u907354579/domains/newpiyathissa.lbmspark.com/public_html/vendor/laravel/framework/src/Illuminate/Pipeline/Pipeline.php(180): Illuminate\\Foundation\\Http\\Middleware\\ValidatePostSize->handle()
#61 /home/u907354579/domains/newpiyathissa.lbmspark.com/public_html/vendor/laravel/framework/src/Illuminate/Foundation/Http/Middleware/PreventRequestsDuringMaintenance.php(86): Illuminate\\Pipeline\\Pipeline->Illuminate\\Pipeline\\{closure}()
#62 /home/u907354579/domains/newpiyathissa.lbmspark.com/public_html/vendor/laravel/framework/src/Illuminate/Pipeline/Pipeline.php(180): Illuminate\\Foundation\\Http\\Middleware\\PreventRequestsDuringMaintenance->handle()
#63 /home/u907354579/domains/newpiyathissa.lbmspark.com/public_html/vendor/laravel/framework/src/Illuminate/Http/Middleware/HandleCors.php(49): Illuminate\\Pipeline\\Pipeline->Illuminate\\Pipeline\\{closure}()
#64 /home/u907354579/domains/newpiyathissa.lbmspark.com/public_html/vendor/laravel/framework/src/Illuminate/Pipeline/Pipeline.php(180): Illuminate\\Http\\Middleware\\HandleCors->handle()
#65 /home/u907354579/domains/newpiyathissa.lbmspark.com/public_html/vendor/laravel/framework/src/Illuminate/Http/Middleware/TrustProxies.php(39): Illuminate\\Pipeline\\Pipeline->Illuminate\\Pipeline\\{closure}()
#66 /home/u907354579/domains/newpiyathissa.lbmspark.com/public_html/vendor/laravel/framework/src/Illuminate/Pipeline/Pipeline.php(180): Illuminate\\Http\\Middleware\\TrustProxies->handle()
#67 /home/u907354579/domains/newpiyathissa.lbmspark.com/public_html/vendor/laravel/framework/src/Illuminate/Pipeline/Pipeline.php(116): Illuminate\\Pipeline\\Pipeline->Illuminate\\Pipeline\\{closure}()
#68 /home/u907354579/domains/newpiyathissa.lbmspark.com/public_html/vendor/laravel/framework/src/Illuminate/Foundation/Http/Kernel.php(165): Illuminate\\Pipeline\\Pipeline->then()
#69 /home/u907354579/domains/newpiyathissa.lbmspark.com/public_html/vendor/laravel/framework/src/Illuminate/Foundation/Http/Kernel.php(134): Illuminate\\Foundation\\Http\\Kernel->sendRequestThroughRouter()
#70 /home/u907354579/domains/newpiyathissa.lbmspark.com/public_html/public/index.php(51): Illuminate\\Foundation\\Http\\Kernel->handle()
#71 {main}

[previous exception] [object] (Carbon\\Exceptions\\InvalidFormatException(code: 0): Not enough data available to satisfy format at /home/u907354579/domains/newpiyathissa.lbmspark.com/public_html/vendor/nesbot/carbon/src/Carbon/Traits/Creator.php:690)
[stacktrace]
#0 /home/u907354579/domains/newpiyathissa.lbmspark.com/public_html/vendor/nesbot/carbon/src/Carbon/Traits/Creator.php(713): Carbon\\Carbon::rawCreateFromFormat()
#1 /home/u907354579/domains/newpiyathissa.lbmspark.com/public_html/storage/framework/views/2a7ab018b7cdd0becaa06b2e4a3e3d98fe85fd02.php(10): Carbon\\Carbon::createFromFormat()
#2 /home/u907354579/domains/newpiyathissa.lbmspark.com/public_html/vendor/laravel/framework/src/Illuminate/Filesystem/Filesystem.php(109): require('/home/u90735457...')
#3 /home/u907354579/domains/newpiyathissa.lbmspark.com/public_html/vendor/laravel/framework/src/Illuminate/Filesystem/Filesystem.php(110): Illuminate\\Filesystem\\Filesystem::Illuminate\\Filesystem\\{closure}()
#4 /home/u907354579/domains/newpiyathissa.lbmspark.com/public_html/vendor/laravel/framework/src/Illuminate/View/Engines/PhpEngine.php(58): Illuminate\\Filesystem\\Filesystem->getRequire()
#5 /home/u907354579/domains/newpiyathissa.lbmspark.com/public_html/vendor/laravel/framework/src/Illuminate/View/Engines/CompilerEngine.php(70): Illuminate\\View\\Engines\\PhpEngine->evaluatePath()
#6 /home/u907354579/domains/newpiyathissa.lbmspark.com/public_html/vendor/laravel/framework/src/Illuminate/View/View.php(195): Illuminate\\View\\Engines\\CompilerEngine->get()
#7 /home/u907354579/domains/newpiyathissa.lbmspark.com/public_html/vendor/laravel/framework/src/Illuminate/View/View.php(178): Illuminate\\View\\View->getContents()
#8 /home/u907354579/domains/newpiyathissa.lbmspark.com/public_html/vendor/laravel/framework/src/Illuminate/View/View.php(147): Illuminate\\View\\View->renderContents()
#9 /home/u907354579/domains/newpiyathissa.lbmspark.com/public_html/vendor/laravel/framework/src/Illuminate/Http/Response.php(69): Illuminate\\View\\View->render()
#10 /home/u907354579/domains/newpiyathissa.lbmspark.com/public_html/vendor/laravel/framework/src/Illuminate/Http/Response.php(35): Illuminate\\Http\\Response->setContent()
#11 /home/u907354579/domains/newpiyathissa.lbmspark.com/public_html/vendor/laravel/framework/src/Illuminate/Routing/Router.php(906): Illuminate\\Http\\Response->__construct()
#12 /home/u907354579/domains/newpiyathissa.lbmspark.com/public_html/vendor/laravel/framework/src/Illuminate/Routing/Router.php(875): Illuminate\\Routing\\Router::toResponse()
#13 /home/u907354579/domains/newpiyathissa.lbmspark.com/public_html/vendor/laravel/framework/src/Illuminate/Routing/Router.php(797): Illuminate\\Routing\\Router->prepareResponse()
#14 /home/u907354579/domains/newpiyathissa.lbmspark.com/public_html/vendor/laravel/framework/src/Illuminate/Pipeline/Pipeline.php(141): Illuminate\\Routing\\Router->Illuminate\\Routing\\{closure}()
#15 /home/u907354579/domains/newpiyathissa.lbmspark.com/public_html/app/Http/Middleware/CheckUserLogin.php(22): Illuminate\\Pipeline\\Pipeline->Illuminate\\Pipeline\\{closure}()
#16 /home/u907354579/domains/newpiyathissa.lbmspark.com/public_html/vendor/laravel/framework/src/Illuminate/Pipeline/Pipeline.php(180): App\\Http\\Middleware\\CheckUserLogin->handle()
#17 /home/u907354579/domains/newpiyathissa.lbmspark.com/public_html/app/Http/Middleware/AdminSidebarMenu.php(22): Illuminate\\Pipeline\\Pipeline->Illuminate\\Pipeline\\{closure}()
#18 /home/u907354579/domains/newpiyathissa.lbmspark.com/public_html/vendor/laravel/framework/src/Illuminate/Pipeline/Pipeline.php(180): App\\Http\\Middleware\\AdminSidebarMenu->handle()
#19 /home/u907354579/domains/newpiyathissa.lbmspark.com/public_html/app/Http/Middleware/Timezone.php(30): Illuminate\\Pipeline\\Pipeline->Illuminate\\Pipeline\\{closure}()
#20 /home/u907354579/domains/newpiyathissa.lbmspark.com/public_html/vendor/laravel/framework/src/Illuminate/Pipeline/Pipeline.php(180): App\\Http\\Middleware\\Timezone->handle()
#21 /home/u907354579/domains/newpiyathissa.lbmspark.com/public_html/app/Http/Middleware/Language.php(25): Illuminate\\Pipeline\\Pipeline->Illuminate\\Pipeline\\{closure}()
#22 /home/u907354579/domains/newpiyathissa.lbmspark.com/public_html/vendor/laravel/framework/src/Illuminate/Pipeline/Pipeline.php(180): App\\Http\\Middleware\\Language->handle()
#23 /home/u907354579/domains/newpiyathissa.lbmspark.com/public_html/app/Http/Middleware/SetSessionData.php(52): Illuminate\\Pipeline\\Pipeline->Illuminate\\Pipeline\\{closure}()
#24 /home/u907354579/domains/newpiyathissa.lbmspark.com/public_html/vendor/laravel/framework/src/Illuminate/Pipeline/Pipeline.php(180): App\\Http\\Middleware\\SetSessionData->handle()
#25 /home/u907354579/domains/newpiyathissa.lbmspark.com/public_html/app/Http/Middleware/IsInstalled.php(50): Illuminate\\Pipeline\\Pipeline->Illuminate\\Pipeline\\{closure}()
#26 /home/u907354579/domains/newpiyathissa.lbmspark.com/public_html/vendor/laravel/framework/src/Illuminate/Pipeline/Pipeline.php(180): App\\Http\\Middleware\\IsInstalled->handle()
#27 /home/u907354579/domains/newpiyathissa.lbmspark.com/public_html/app/Http/Middleware/DynamicDatabaseMiddleware.php(19): Illuminate\\Pipeline\\Pipeline->Illuminate\\Pipeline\\{closure}()
#28 /home/u907354579/domains/newpiyathissa.lbmspark.com/public_html/vendor/laravel/framework/src/Illuminate/Pipeline/Pipeline.php(180): App\\Http\\Middleware\\DynamicDatabaseMiddleware->handle()
#29 /home/u907354579/domains/newpiyathissa.lbmspark.com/public_html/vendor/laravel/framework/src/Illuminate/Routing/Middleware/SubstituteBindings.php(50): Illuminate\\Pipeline\\Pipeline->Illuminate\\Pipeline\\{closure}()
#30 /home/u907354579/domains/newpiyathissa.lbmspark.com/public_html/vendor/laravel/framework/src/Illuminate/Pipeline/Pipeline.php(180): Illuminate\\Routing\\Middleware\\SubstituteBindings->handle()
#31 /home/u907354579/domains/newpiyathissa.lbmspark.com/public_html/vendor/laravel/framework/src/Illuminate/Auth/Middleware/Authenticate.php(44): Illuminate\\Pipeline\\Pipeline->Illuminate\\Pipeline\\{closure}()
#32 /home/u907354579/domains/newpiyathissa.lbmspark.com/public_html/vendor/laravel/framework/src/Illuminate/Pipeline/Pipeline.php(180): Illuminate\\Auth\\Middleware\\Authenticate->handle()
#33 /home/u907354579/domains/newpiyathissa.lbmspark.com/public_html/vendor/laravel/framework/src/Illuminate/Foundation/Http/Middleware/VerifyCsrfToken.php(78): Illuminate\\Pipeline\\Pipeline->Illuminate\\Pipeline\\{closure}()
#34 /home/u907354579/domains/newpiyathissa.lbmspark.com/public_html/vendor/laravel/framework/src/Illuminate/Pipeline/Pipeline.php(180): Illuminate\\Foundation\\Http\\Middleware\\VerifyCsrfToken->handle()
#35 /home/u907354579/domains/newpiyathissa.lbmspark.com/public_html/vendor/laravel/framework/src/Illuminate/View/Middleware/ShareErrorsFromSession.php(49): Illuminate\\Pipeline\\Pipeline->Illuminate\\Pipeline\\{closure}()
#36 /home/u907354579/domains/newpiyathissa.lbmspark.com/public_html/vendor/laravel/framework/src/Illuminate/Pipeline/Pipeline.php(180): Illuminate\\View\\Middleware\\ShareErrorsFromSession->handle()
#37 /home/u907354579/domains/newpiyathissa.lbmspark.com/public_html/vendor/laravel/framework/src/Illuminate/Session/Middleware/StartSession.php(121): Illuminate\\Pipeline\\Pipeline->Illuminate\\Pipeline\\{closure}()
#38 /home/u907354579/domains/newpiyathissa.lbmspark.com/public_html/vendor/laravel/framework/src/Illuminate/Session/Middleware/StartSession.php(64): Illuminate\\Session\\Middleware\\StartSession->handleStatefulRequest()
#39 /home/u907354579/domains/newpiyathissa.lbmspark.com/public_html/vendor/laravel/framework/src/Illuminate/Pipeline/Pipeline.php(180): Illuminate\\Session\\Middleware\\StartSession->handle()
#40 /home/u907354579/domains/newpiyathissa.lbmspark.com/public_html/vendor/laravel/framework/src/Illuminate/Cookie/Middleware/AddQueuedCookiesToResponse.php(37): Illuminate\\Pipeline\\Pipeline->Illuminate\\Pipeline\\{closure}()
#41 /home/u907354579/domains/newpiyathissa.lbmspark.com/public_html/vendor/laravel/framework/src/Illuminate/Pipeline/Pipeline.php(180): Illuminate\\Cookie\\Middleware\\AddQueuedCookiesToResponse->handle()
#42 /home/u907354579/domains/newpiyathissa.lbmspark.com/public_html/vendor/laravel/framework/src/Illuminate/Cookie/Middleware/EncryptCookies.php(67): Illuminate\\Pipeline\\Pipeline->Illuminate\\Pipeline\\{closure}()
#43 /home/u907354579/domains/newpiyathissa.lbmspark.com/public_html/vendor/laravel/framework/src/Illuminate/Pipeline/Pipeline.php(180): Illuminate\\Cookie\\Middleware\\EncryptCookies->handle()
#44 /home/u907354579/domains/newpiyathissa.lbmspark.com/public_html/vendor/laravel/framework/src/Illuminate/Pipeline/Pipeline.php(116): Illuminate\\Pipeline\\Pipeline->Illuminate\\Pipeline\\{closure}()
#45 /home/u907354579/domains/newpiyathissa.lbmspark.com/public_html/vendor/laravel/framework/src/Illuminate/Routing/Router.php(797): Illuminate\\Pipeline\\Pipeline->then()
#46 /home/u907354579/domains/newpiyathissa.lbmspark.com/public_html/vendor/laravel/framework/src/Illuminate/Routing/Router.php(776): Illuminate\\Routing\\Router->runRouteWithinStack()
#47 /home/u907354579/domains/newpiyathissa.lbmspark.com/public_html/vendor/laravel/framework/src/Illuminate/Routing/Router.php(740): Illuminate\\Routing\\Router->runRoute()
#48 /home/u907354579/domains/newpiyathissa.lbmspark.com/public_html/vendor/laravel/framework/src/Illuminate/Routing/Router.php(729): Illuminate\\Routing\\Router->dispatchToRoute()
#49 /home/u907354579/domains/newpiyathissa.lbmspark.com/public_html/vendor/laravel/framework/src/Illuminate/Foundation/Http/Kernel.php(190): Illuminate\\Routing\\Router->dispatch()
#50 /home/u907354579/domains/newpiyathissa.lbmspark.com/public_html/vendor/laravel/framework/src/Illuminate/Pipeline/Pipeline.php(141): Illuminate\\Foundation\\Http\\Kernel->Illuminate\\Foundation\\Http\\{closure}()
#51 /home/u907354579/domains/newpiyathissa.lbmspark.com/public_html/vendor/barryvdh/laravel-debugbar/src/Middleware/InjectDebugbar.php(59): Illuminate\\Pipeline\\Pipeline->Illuminate\\Pipeline\\{closure}()
#52 /home/u907354579/domains/newpiyathissa.lbmspark.com/public_html/vendor/laravel/framework/src/Illuminate/Pipeline/Pipeline.php(180): Barryvdh\\Debugbar\\Middleware\\InjectDebugbar->handle()
#53 /home/u907354579/domains/newpiyathissa.lbmspark.com/public_html/vendor/laravel/framework/src/Illuminate/Foundation/Http/Middleware/TransformsRequest.php(21): Illuminate\\Pipeline\\Pipeline->Illuminate\\Pipeline\\{closure}()
#54 /home/u907354579/domains/newpiyathissa.lbmspark.com/public_html/vendor/laravel/framework/src/Illuminate/Foundation/Http/Middleware/ConvertEmptyStringsToNull.php(31): Illuminate\\Foundation\\Http\\Middleware\\TransformsRequest->handle()
#55 /home/u907354579/domains/newpiyathissa.lbmspark.com/public_html/vendor/laravel/framework/src/Illuminate/Pipeline/Pipeline.php(180): Illuminate\\Foundation\\Http\\Middleware\\ConvertEmptyStringsToNull->handle()
#56 /home/u907354579/domains/newpiyathissa.lbmspark.com/public_html/vendor/laravel/framework/src/Illuminate/Foundation/Http/Middleware/TransformsRequest.php(21): Illuminate\\Pipeline\\Pipeline->Illuminate\\Pipeline\\{closure}()
#57 /home/u907354579/domains/newpiyathissa.lbmspark.com/public_html/vendor/laravel/framework/src/Illuminate/Foundation/Http/Middleware/TrimStrings.php(40): Illuminate\\Foundation\\Http\\Middleware\\TransformsRequest->handle()
#58 /home/u907354579/domains/newpiyathissa.lbmspark.com/public_html/vendor/laravel/framework/src/Illuminate/Pipeline/Pipeline.php(180): Illuminate\\Foundation\\Http\\Middleware\\TrimStrings->handle()
#59 /home/u907354579/domains/newpiyathissa.lbmspark.com/public_html/vendor/laravel/framework/src/Illuminate/Foundation/Http/Middleware/ValidatePostSize.php(27): Illuminate\\Pipeline\\Pipeline->Illuminate\\Pipeline\\{closure}()
#60 /home/u907354579/domains/newpiyathissa.lbmspark.com/public_html/vendor/laravel/framework/src/Illuminate/Pipeline/Pipeline.php(180): Illuminate\\Foundation\\Http\\Middleware\\ValidatePostSize->handle()
#61 /home/u907354579/domains/newpiyathissa.lbmspark.com/public_html/vendor/laravel/framework/src/Illuminate/Foundation/Http/Middleware/PreventRequestsDuringMaintenance.php(86): Illuminate\\Pipeline\\Pipeline->Illuminate\\Pipeline\\{closure}()
#62 /home/u907354579/domains/newpiyathissa.lbmspark.com/public_html/vendor/laravel/framework/src/Illuminate/Pipeline/Pipeline.php(180): Illuminate\\Foundation\\Http\\Middleware\\PreventRequestsDuringMaintenance->handle()
#63 /home/u907354579/domains/newpiyathissa.lbmspark.com/public_html/vendor/laravel/framework/src/Illuminate/Http/Middleware/HandleCors.php(49): Illuminate\\Pipeline\\Pipeline->Illuminate\\Pipeline\\{closure}()
#64 /home/u907354579/domains/newpiyathissa.lbmspark.com/public_html/vendor/laravel/framework/src/Illuminate/Pipeline/Pipeline.php(180): Illuminate\\Http\\Middleware\\HandleCors->handle()
#65 /home/u907354579/domains/newpiyathissa.lbmspark.com/public_html/vendor/laravel/framework/src/Illuminate/Http/Middleware/TrustProxies.php(39): Illuminate\\Pipeline\\Pipeline->Illuminate\\Pipeline\\{closure}()
#66 /home/u907354579/domains/newpiyathissa.lbmspark.com/public_html/vendor/laravel/framework/src/Illuminate/Pipeline/Pipeline.php(180): Illuminate\\Http\\Middleware\\TrustProxies->handle()
#67 /home/u907354579/domains/newpiyathissa.lbmspark.com/public_html/vendor/laravel/framework/src/Illuminate/Pipeline/Pipeline.php(116): Illuminate\\Pipeline\\Pipeline->Illuminate\\Pipeline\\{closure}()
#68 /home/u907354579/domains/newpiyathissa.lbmspark.com/public_html/vendor/laravel/framework/src/Illuminate/Foundation/Http/Kernel.php(165): Illuminate\\Pipeline\\Pipeline->then()
#69 /home/u907354579/domains/newpiyathissa.lbmspark.com/public_html/vendor/laravel/framework/src/Illuminate/Foundation/Http/Kernel.php(134): Illuminate\\Foundation\\Http\\Kernel->sendRequestThroughRouter()
#70 /home/u907354579/domains/newpiyathissa.lbmspark.com/public_html/public/index.php(51): Illuminate\\Foundation\\Http\\Kernel->handle()
#71 {main}
"} 
[2025-10-12 18:36:45] local.ERROR: Not enough data available to satisfy format {"view":{"view":"/home/u907354579/domains/newpiyathissa.lbmspark.com/public_html/resources/views/cash_register/close_register_modal.blade.php","data":[]},"userId":7,"exception":"[object] (Spatie\\LaravelIgnition\\Exceptions\\ViewException(code: 0): Not enough data available to satisfy format at /home/u907354579/domains/newpiyathissa.lbmspark.com/public_html/vendor/nesbot/carbon/src/Carbon/Traits/Creator.php:690)
[stacktrace]
#0 /home/u907354579/domains/newpiyathissa.lbmspark.com/public_html/vendor/nesbot/carbon/src/Carbon/Traits/Creator.php(713): Carbon\\Carbon::rawCreateFromFormat()
#1 /home/u907354579/domains/newpiyathissa.lbmspark.com/public_html/resources/views/cash_register/close_register_modal.blade.php(8): Carbon\\Carbon::createFromFormat()
#2 /home/u907354579/domains/newpiyathissa.lbmspark.com/public_html/vendor/laravel/framework/src/Illuminate/Filesystem/Filesystem.php(109): require('/home/u90735457...')
#3 /home/u907354579/domains/newpiyathissa.lbmspark.com/public_html/vendor/laravel/framework/src/Illuminate/Filesystem/Filesystem.php(110): Illuminate\\Filesystem\\Filesystem::Illuminate\\Filesystem\\{closure}()
#4 /home/u907354579/domains/newpiyathissa.lbmspark.com/public_html/vendor/laravel/framework/src/Illuminate/View/Engines/PhpEngine.php(58): Illuminate\\Filesystem\\Filesystem->getRequire()
#5 /home/u907354579/domains/newpiyathissa.lbmspark.com/public_html/vendor/laravel/framework/src/Illuminate/View/Engines/CompilerEngine.php(70): Illuminate\\View\\Engines\\PhpEngine->evaluatePath()
#6 /home/u907354579/domains/newpiyathissa.lbmspark.com/public_html/vendor/laravel/framework/src/Illuminate/View/View.php(195): Illuminate\\View\\Engines\\CompilerEngine->get()
#7 /home/u907354579/domains/newpiyathissa.lbmspark.com/public_html/vendor/laravel/framework/src/Illuminate/View/View.php(178): Illuminate\\View\\View->getContents()
#8 /home/u907354579/domains/newpiyathissa.lbmspark.com/public_html/vendor/laravel/framework/src/Illuminate/View/View.php(147): Illuminate\\View\\View->renderContents()
#9 /home/u907354579/domains/newpiyathissa.lbmspark.com/public_html/vendor/laravel/framework/src/Illuminate/Http/Response.php(69): Illuminate\\View\\View->render()
#10 /home/u907354579/domains/newpiyathissa.lbmspark.com/public_html/vendor/laravel/framework/src/Illuminate/Http/Response.php(35): Illuminate\\Http\\Response->setContent()
#11 /home/u907354579/domains/newpiyathissa.lbmspark.com/public_html/vendor/laravel/framework/src/Illuminate/Routing/Router.php(906): Illuminate\\Http\\Response->__construct()
#12 /home/u907354579/domains/newpiyathissa.lbmspark.com/public_html/vendor/laravel/framework/src/Illuminate/Routing/Router.php(875): Illuminate\\Routing\\Router::toResponse()
#13 /home/u907354579/domains/newpiyathissa.lbmspark.com/public_html/vendor/laravel/framework/src/Illuminate/Routing/Router.php(797): Illuminate\\Routing\\Router->prepareResponse()
#14 /home/u907354579/domains/newpiyathissa.lbmspark.com/public_html/vendor/laravel/framework/src/Illuminate/Pipeline/Pipeline.php(141): Illuminate\\Routing\\Router->Illuminate\\Routing\\{closure}()
#15 /home/u907354579/domains/newpiyathissa.lbmspark.com/public_html/app/Http/Middleware/CheckUserLogin.php(22): Illuminate\\Pipeline\\Pipeline->Illuminate\\Pipeline\\{closure}()
#16 /home/u907354579/domains/newpiyathissa.lbmspark.com/public_html/vendor/laravel/framework/src/Illuminate/Pipeline/Pipeline.php(180): App\\Http\\Middleware\\CheckUserLogin->handle()
#17 /home/u907354579/domains/newpiyathissa.lbmspark.com/public_html/app/Http/Middleware/AdminSidebarMenu.php(22): Illuminate\\Pipeline\\Pipeline->Illuminate\\Pipeline\\{closure}()
#18 /home/u907354579/domains/newpiyathissa.lbmspark.com/public_html/vendor/laravel/framework/src/Illuminate/Pipeline/Pipeline.php(180): App\\Http\\Middleware\\AdminSidebarMenu->handle()
#19 /home/u907354579/domains/newpiyathissa.lbmspark.com/public_html/app/Http/Middleware/Timezone.php(30): Illuminate\\Pipeline\\Pipeline->Illuminate\\Pipeline\\{closure}()
#20 /home/u907354579/domains/newpiyathissa.lbmspark.com/public_html/vendor/laravel/framework/src/Illuminate/Pipeline/Pipeline.php(180): App\\Http\\Middleware\\Timezone->handle()
#21 /home/u907354579/domains/newpiyathissa.lbmspark.com/public_html/app/Http/Middleware/Language.php(25): Illuminate\\Pipeline\\Pipeline->Illuminate\\Pipeline\\{closure}()
#22 /home/u907354579/domains/newpiyathissa.lbmspark.com/public_html/vendor/laravel/framework/src/Illuminate/Pipeline/Pipeline.php(180): App\\Http\\Middleware\\Language->handle()
#23 /home/u907354579/domains/newpiyathissa.lbmspark.com/public_html/app/Http/Middleware/SetSessionData.php(52): Illuminate\\Pipeline\\Pipeline->Illuminate\\Pipeline\\{closure}()
#24 /home/u907354579/domains/newpiyathissa.lbmspark.com/public_html/vendor/laravel/framework/src/Illuminate/Pipeline/Pipeline.php(180): App\\Http\\Middleware\\SetSessionData->handle()
#25 /home/u907354579/domains/newpiyathissa.lbmspark.com/public_html/app/Http/Middleware/IsInstalled.php(50): Illuminate\\Pipeline\\Pipeline->Illuminate\\Pipeline\\{closure}()
#26 /home/u907354579/domains/newpiyathissa.lbmspark.com/public_html/vendor/laravel/framework/src/Illuminate/Pipeline/Pipeline.php(180): App\\Http\\Middleware\\IsInstalled->handle()
#27 /home/u907354579/domains/newpiyathissa.lbmspark.com/public_html/app/Http/Middleware/DynamicDatabaseMiddleware.php(19): Illuminate\\Pipeline\\Pipeline->Illuminate\\Pipeline\\{closure}()
#28 /home/u907354579/domains/newpiyathissa.lbmspark.com/public_html/vendor/laravel/framework/src/Illuminate/Pipeline/Pipeline.php(180): App\\Http\\Middleware\\DynamicDatabaseMiddleware->handle()
#29 /home/u907354579/domains/newpiyathissa.lbmspark.com/public_html/vendor/laravel/framework/src/Illuminate/Routing/Middleware/SubstituteBindings.php(50): Illuminate\\Pipeline\\Pipeline->Illuminate\\Pipeline\\{closure}()
#30 /home/u907354579/domains/newpiyathissa.lbmspark.com/public_html/vendor/laravel/framework/src/Illuminate/Pipeline/Pipeline.php(180): Illuminate\\Routing\\Middleware\\SubstituteBindings->handle()
#31 /home/u907354579/domains/newpiyathissa.lbmspark.com/public_html/vendor/laravel/framework/src/Illuminate/Auth/Middleware/Authenticate.php(44): Illuminate\\Pipeline\\Pipeline->Illuminate\\Pipeline\\{closure}()
#32 /home/u907354579/domains/newpiyathissa.lbmspark.com/public_html/vendor/laravel/framework/src/Illuminate/Pipeline/Pipeline.php(180): Illuminate\\Auth\\Middleware\\Authenticate->handle()
#33 /home/u907354579/domains/newpiyathissa.lbmspark.com/public_html/vendor/laravel/framework/src/Illuminate/Foundation/Http/Middleware/VerifyCsrfToken.php(78): Illuminate\\Pipeline\\Pipeline->Illuminate\\Pipeline\\{closure}()
#34 /home/u907354579/domains/newpiyathissa.lbmspark.com/public_html/vendor/laravel/framework/src/Illuminate/Pipeline/Pipeline.php(180): Illuminate\\Foundation\\Http\\Middleware\\VerifyCsrfToken->handle()
#35 /home/u907354579/domains/newpiyathissa.lbmspark.com/public_html/vendor/laravel/framework/src/Illuminate/View/Middleware/ShareErrorsFromSession.php(49): Illuminate\\Pipeline\\Pipeline->Illuminate\\Pipeline\\{closure}()
#36 /home/u907354579/domains/newpiyathissa.lbmspark.com/public_html/vendor/laravel/framework/src/Illuminate/Pipeline/Pipeline.php(180): Illuminate\\View\\Middleware\\ShareErrorsFromSession->handle()
#37 /home/u907354579/domains/newpiyathissa.lbmspark.com/public_html/vendor/laravel/framework/src/Illuminate/Session/Middleware/StartSession.php(121): Illuminate\\Pipeline\\Pipeline->Illuminate\\Pipeline\\{closure}()
#38 /home/u907354579/domains/newpiyathissa.lbmspark.com/public_html/vendor/laravel/framework/src/Illuminate/Session/Middleware/StartSession.php(64): Illuminate\\Session\\Middleware\\StartSession->handleStatefulRequest()
#39 /home/u907354579/domains/newpiyathissa.lbmspark.com/public_html/vendor/laravel/framework/src/Illuminate/Pipeline/Pipeline.php(180): Illuminate\\Session\\Middleware\\StartSession->handle()
#40 /home/u907354579/domains/newpiyathissa.lbmspark.com/public_html/vendor/laravel/framework/src/Illuminate/Cookie/Middleware/AddQueuedCookiesToResponse.php(37): Illuminate\\Pipeline\\Pipeline->Illuminate\\Pipeline\\{closure}()
#41 /home/u907354579/domains/newpiyathissa.lbmspark.com/public_html/vendor/laravel/framework/src/Illuminate/Pipeline/Pipeline.php(180): Illuminate\\Cookie\\Middleware\\AddQueuedCookiesToResponse->handle()
#42 /home/u907354579/domains/newpiyathissa.lbmspark.com/public_html/vendor/laravel/framework/src/Illuminate/Cookie/Middleware/EncryptCookies.php(67): Illuminate\\Pipeline\\Pipeline->Illuminate\\Pipeline\\{closure}()
#43 /home/u907354579/domains/newpiyathissa.lbmspark.com/public_html/vendor/laravel/framework/src/Illuminate/Pipeline/Pipeline.php(180): Illuminate\\Cookie\\Middleware\\EncryptCookies->handle()
#44 /home/u907354579/domains/newpiyathissa.lbmspark.com/public_html/vendor/laravel/framework/src/Illuminate/Pipeline/Pipeline.php(116): Illuminate\\Pipeline\\Pipeline->Illuminate\\Pipeline\\{closure}()
#45 /home/u907354579/domains/newpiyathissa.lbmspark.com/public_html/vendor/laravel/framework/src/Illuminate/Routing/Router.php(797): Illuminate\\Pipeline\\Pipeline->then()
#46 /home/u907354579/domains/newpiyathissa.lbmspark.com/public_html/vendor/laravel/framework/src/Illuminate/Routing/Router.php(776): Illuminate\\Routing\\Router->runRouteWithinStack()
#47 /home/u907354579/domains/newpiyathissa.lbmspark.com/public_html/vendor/laravel/framework/src/Illuminate/Routing/Router.php(740): Illuminate\\Routing\\Router->runRoute()
#48 /home/u907354579/domains/newpiyathissa.lbmspark.com/public_html/vendor/laravel/framework/src/Illuminate/Routing/Router.php(729): Illuminate\\Routing\\Router->dispatchToRoute()
#49 /home/u907354579/domains/newpiyathissa.lbmspark.com/public_html/vendor/laravel/framework/src/Illuminate/Foundation/Http/Kernel.php(190): Illuminate\\Routing\\Router->dispatch()
#50 /home/u907354579/domains/newpiyathissa.lbmspark.com/public_html/vendor/laravel/framework/src/Illuminate/Pipeline/Pipeline.php(141): Illuminate\\Foundation\\Http\\Kernel->Illuminate\\Foundation\\Http\\{closure}()
#51 /home/u907354579/domains/newpiyathissa.lbmspark.com/public_html/vendor/barryvdh/laravel-debugbar/src/Middleware/InjectDebugbar.php(59): Illuminate\\Pipeline\\Pipeline->Illuminate\\Pipeline\\{closure}()
#52 /home/u907354579/domains/newpiyathissa.lbmspark.com/public_html/vendor/laravel/framework/src/Illuminate/Pipeline/Pipeline.php(180): Barryvdh\\Debugbar\\Middleware\\InjectDebugbar->handle()
#53 /home/u907354579/domains/newpiyathissa.lbmspark.com/public_html/vendor/laravel/framework/src/Illuminate/Foundation/Http/Middleware/TransformsRequest.php(21): Illuminate\\Pipeline\\Pipeline->Illuminate\\Pipeline\\{closure}()
#54 /home/u907354579/domains/newpiyathissa.lbmspark.com/public_html/vendor/laravel/framework/src/Illuminate/Foundation/Http/Middleware/ConvertEmptyStringsToNull.php(31): Illuminate\\Foundation\\Http\\Middleware\\TransformsRequest->handle()
#55 /home/u907354579/domains/newpiyathissa.lbmspark.com/public_html/vendor/laravel/framework/src/Illuminate/Pipeline/Pipeline.php(180): Illuminate\\Foundation\\Http\\Middleware\\ConvertEmptyStringsToNull->handle()
#56 /home/u907354579/domains/newpiyathissa.lbmspark.com/public_html/vendor/laravel/framework/src/Illuminate/Foundation/Http/Middleware/TransformsRequest.php(21): Illuminate\\Pipeline\\Pipeline->Illuminate\\Pipeline\\{closure}()
#57 /home/u907354579/domains/newpiyathissa.lbmspark.com/public_html/vendor/laravel/framework/src/Illuminate/Foundation/Http/Middleware/TrimStrings.php(40): Illuminate\\Foundation\\Http\\Middleware\\TransformsRequest->handle()
#58 /home/u907354579/domains/newpiyathissa.lbmspark.com/public_html/vendor/laravel/framework/src/Illuminate/Pipeline/Pipeline.php(180): Illuminate\\Foundation\\Http\\Middleware\\TrimStrings->handle()
#59 /home/u907354579/domains/newpiyathissa.lbmspark.com/public_html/vendor/laravel/framework/src/Illuminate/Foundation/Http/Middleware/ValidatePostSize.php(27): Illuminate\\Pipeline\\Pipeline->Illuminate\\Pipeline\\{closure}()
#60 /home/u907354579/domains/newpiyathissa.lbmspark.com/public_html/vendor/laravel/framework/src/Illuminate/Pipeline/Pipeline.php(180): Illuminate\\Foundation\\Http\\Middleware\\ValidatePostSize->handle()
#61 /home/u907354579/domains/newpiyathissa.lbmspark.com/public_html/vendor/laravel/framework/src/Illuminate/Foundation/Http/Middleware/PreventRequestsDuringMaintenance.php(86): Illuminate\\Pipeline\\Pipeline->Illuminate\\Pipeline\\{closure}()
#62 /home/u907354579/domains/newpiyathissa.lbmspark.com/public_html/vendor/laravel/framework/src/Illuminate/Pipeline/Pipeline.php(180): Illuminate\\Foundation\\Http\\Middleware\\PreventRequestsDuringMaintenance->handle()
#63 /home/u907354579/domains/newpiyathissa.lbmspark.com/public_html/vendor/laravel/framework/src/Illuminate/Http/Middleware/HandleCors.php(49): Illuminate\\Pipeline\\Pipeline->Illuminate\\Pipeline\\{closure}()
#64 /home/u907354579/domains/newpiyathissa.lbmspark.com/public_html/vendor/laravel/framework/src/Illuminate/Pipeline/Pipeline.php(180): Illuminate\\Http\\Middleware\\HandleCors->handle()
#65 /home/u907354579/domains/newpiyathissa.lbmspark.com/public_html/vendor/laravel/framework/src/Illuminate/Http/Middleware/TrustProxies.php(39): Illuminate\\Pipeline\\Pipeline->Illuminate\\Pipeline\\{closure}()
#66 /home/u907354579/domains/newpiyathissa.lbmspark.com/public_html/vendor/laravel/framework/src/Illuminate/Pipeline/Pipeline.php(180): Illuminate\\Http\\Middleware\\TrustProxies->handle()
#67 /home/u907354579/domains/newpiyathissa.lbmspark.com/public_html/vendor/laravel/framework/src/Illuminate/Pipeline/Pipeline.php(116): Illuminate\\Pipeline\\Pipeline->Illuminate\\Pipeline\\{closure}()
#68 /home/u907354579/domains/newpiyathissa.lbmspark.com/public_html/vendor/laravel/framework/src/Illuminate/Foundation/Http/Kernel.php(165): Illuminate\\Pipeline\\Pipeline->then()
#69 /home/u907354579/domains/newpiyathissa.lbmspark.com/public_html/vendor/laravel/framework/src/Illuminate/Foundation/Http/Kernel.php(134): Illuminate\\Foundation\\Http\\Kernel->sendRequestThroughRouter()
#70 /home/u907354579/domains/newpiyathissa.lbmspark.com/public_html/public/index.php(51): Illuminate\\Foundation\\Http\\Kernel->handle()
#71 {main}

[previous exception] [object] (Carbon\\Exceptions\\InvalidFormatException(code: 0): Not enough data available to satisfy format at /home/u907354579/domains/newpiyathissa.lbmspark.com/public_html/vendor/nesbot/carbon/src/Carbon/Traits/Creator.php:690)
[stacktrace]
#0 /home/u907354579/domains/newpiyathissa.lbmspark.com/public_html/vendor/nesbot/carbon/src/Carbon/Traits/Creator.php(713): Carbon\\Carbon::rawCreateFromFormat()
#1 /home/u907354579/domains/newpiyathissa.lbmspark.com/public_html/storage/framework/views/2a7ab018b7cdd0becaa06b2e4a3e3d98fe85fd02.php(10): Carbon\\Carbon::createFromFormat()
#2 /home/u907354579/domains/newpiyathissa.lbmspark.com/public_html/vendor/laravel/framework/src/Illuminate/Filesystem/Filesystem.php(109): require('/home/u90735457...')
#3 /home/u907354579/domains/newpiyathissa.lbmspark.com/public_html/vendor/laravel/framework/src/Illuminate/Filesystem/Filesystem.php(110): Illuminate\\Filesystem\\Filesystem::Illuminate\\Filesystem\\{closure}()
#4 /home/u907354579/domains/newpiyathissa.lbmspark.com/public_html/vendor/laravel/framework/src/Illuminate/View/Engines/PhpEngine.php(58): Illuminate\\Filesystem\\Filesystem->getRequire()
#5 /home/u907354579/domains/newpiyathissa.lbmspark.com/public_html/vendor/laravel/framework/src/Illuminate/View/Engines/CompilerEngine.php(70): Illuminate\\View\\Engines\\PhpEngine->evaluatePath()
#6 /home/u907354579/domains/newpiyathissa.lbmspark.com/public_html/vendor/laravel/framework/src/Illuminate/View/View.php(195): Illuminate\\View\\Engines\\CompilerEngine->get()
#7 /home/u907354579/domains/newpiyathissa.lbmspark.com/public_html/vendor/laravel/framework/src/Illuminate/View/View.php(178): Illuminate\\View\\View->getContents()
#8 /home/u907354579/domains/newpiyathissa.lbmspark.com/public_html/vendor/laravel/framework/src/Illuminate/View/View.php(147): Illuminate\\View\\View->renderContents()
#9 /home/u907354579/domains/newpiyathissa.lbmspark.com/public_html/vendor/laravel/framework/src/Illuminate/Http/Response.php(69): Illuminate\\View\\View->render()
#10 /home/u907354579/domains/newpiyathissa.lbmspark.com/public_html/vendor/laravel/framework/src/Illuminate/Http/Response.php(35): Illuminate\\Http\\Response->setContent()
#11 /home/u907354579/domains/newpiyathissa.lbmspark.com/public_html/vendor/laravel/framework/src/Illuminate/Routing/Router.php(906): Illuminate\\Http\\Response->__construct()
#12 /home/u907354579/domains/newpiyathissa.lbmspark.com/public_html/vendor/laravel/framework/src/Illuminate/Routing/Router.php(875): Illuminate\\Routing\\Router::toResponse()
#13 /home/u907354579/domains/newpiyathissa.lbmspark.com/public_html/vendor/laravel/framework/src/Illuminate/Routing/Router.php(797): Illuminate\\Routing\\Router->prepareResponse()
#14 /home/u907354579/domains/newpiyathissa.lbmspark.com/public_html/vendor/laravel/framework/src/Illuminate/Pipeline/Pipeline.php(141): Illuminate\\Routing\\Router->Illuminate\\Routing\\{closure}()
#15 /home/u907354579/domains/newpiyathissa.lbmspark.com/public_html/app/Http/Middleware/CheckUserLogin.php(22): Illuminate\\Pipeline\\Pipeline->Illuminate\\Pipeline\\{closure}()
#16 /home/u907354579/domains/newpiyathissa.lbmspark.com/public_html/vendor/laravel/framework/src/Illuminate/Pipeline/Pipeline.php(180): App\\Http\\Middleware\\CheckUserLogin->handle()
#17 /home/u907354579/domains/newpiyathissa.lbmspark.com/public_html/app/Http/Middleware/AdminSidebarMenu.php(22): Illuminate\\Pipeline\\Pipeline->Illuminate\\Pipeline\\{closure}()
#18 /home/u907354579/domains/newpiyathissa.lbmspark.com/public_html/vendor/laravel/framework/src/Illuminate/Pipeline/Pipeline.php(180): App\\Http\\Middleware\\AdminSidebarMenu->handle()
#19 /home/u907354579/domains/newpiyathissa.lbmspark.com/public_html/app/Http/Middleware/Timezone.php(30): Illuminate\\Pipeline\\Pipeline->Illuminate\\Pipeline\\{closure}()
#20 /home/u907354579/domains/newpiyathissa.lbmspark.com/public_html/vendor/laravel/framework/src/Illuminate/Pipeline/Pipeline.php(180): App\\Http\\Middleware\\Timezone->handle()
#21 /home/u907354579/domains/newpiyathissa.lbmspark.com/public_html/app/Http/Middleware/Language.php(25): Illuminate\\Pipeline\\Pipeline->Illuminate\\Pipeline\\{closure}()
#22 /home/u907354579/domains/newpiyathissa.lbmspark.com/public_html/vendor/laravel/framework/src/Illuminate/Pipeline/Pipeline.php(180): App\\Http\\Middleware\\Language->handle()
#23 /home/u907354579/domains/newpiyathissa.lbmspark.com/public_html/app/Http/Middleware/SetSessionData.php(52): Illuminate\\Pipeline\\Pipeline->Illuminate\\Pipeline\\{closure}()
#24 /home/u907354579/domains/newpiyathissa.lbmspark.com/public_html/vendor/laravel/framework/src/Illuminate/Pipeline/Pipeline.php(180): App\\Http\\Middleware\\SetSessionData->handle()
#25 /home/u907354579/domains/newpiyathissa.lbmspark.com/public_html/app/Http/Middleware/IsInstalled.php(50): Illuminate\\Pipeline\\Pipeline->Illuminate\\Pipeline\\{closure}()
#26 /home/u907354579/domains/newpiyathissa.lbmspark.com/public_html/vendor/laravel/framework/src/Illuminate/Pipeline/Pipeline.php(180): App\\Http\\Middleware\\IsInstalled->handle()
#27 /home/u907354579/domains/newpiyathissa.lbmspark.com/public_html/app/Http/Middleware/DynamicDatabaseMiddleware.php(19): Illuminate\\Pipeline\\Pipeline->Illuminate\\Pipeline\\{closure}()
#28 /home/u907354579/domains/newpiyathissa.lbmspark.com/public_html/vendor/laravel/framework/src/Illuminate/Pipeline/Pipeline.php(180): App\\Http\\Middleware\\DynamicDatabaseMiddleware->handle()
#29 /home/u907354579/domains/newpiyathissa.lbmspark.com/public_html/vendor/laravel/framework/src/Illuminate/Routing/Middleware/SubstituteBindings.php(50): Illuminate\\Pipeline\\Pipeline->Illuminate\\Pipeline\\{closure}()
#30 /home/u907354579/domains/newpiyathissa.lbmspark.com/public_html/vendor/laravel/framework/src/Illuminate/Pipeline/Pipeline.php(180): Illuminate\\Routing\\Middleware\\SubstituteBindings->handle()
#31 /home/u907354579/domains/newpiyathissa.lbmspark.com/public_html/vendor/laravel/framework/src/Illuminate/Auth/Middleware/Authenticate.php(44): Illuminate\\Pipeline\\Pipeline->Illuminate\\Pipeline\\{closure}()
#32 /home/u907354579/domains/newpiyathissa.lbmspark.com/public_html/vendor/laravel/framework/src/Illuminate/Pipeline/Pipeline.php(180): Illuminate\\Auth\\Middleware\\Authenticate->handle()
#33 /home/u907354579/domains/newpiyathissa.lbmspark.com/public_html/vendor/laravel/framework/src/Illuminate/Foundation/Http/Middleware/VerifyCsrfToken.php(78): Illuminate\\Pipeline\\Pipeline->Illuminate\\Pipeline\\{closure}()
#34 /home/u907354579/domains/newpiyathissa.lbmspark.com/public_html/vendor/laravel/framework/src/Illuminate/Pipeline/Pipeline.php(180): Illuminate\\Foundation\\Http\\Middleware\\VerifyCsrfToken->handle()
#35 /home/u907354579/domains/newpiyathissa.lbmspark.com/public_html/vendor/laravel/framework/src/Illuminate/View/Middleware/ShareErrorsFromSession.php(49): Illuminate\\Pipeline\\Pipeline->Illuminate\\Pipeline\\{closure}()
#36 /home/u907354579/domains/newpiyathissa.lbmspark.com/public_html/vendor/laravel/framework/src/Illuminate/Pipeline/Pipeline.php(180): Illuminate\\View\\Middleware\\ShareErrorsFromSession->handle()
#37 /home/u907354579/domains/newpiyathissa.lbmspark.com/public_html/vendor/laravel/framework/src/Illuminate/Session/Middleware/StartSession.php(121): Illuminate\\Pipeline\\Pipeline->Illuminate\\Pipeline\\{closure}()
#38 /home/u907354579/domains/newpiyathissa.lbmspark.com/public_html/vendor/laravel/framework/src/Illuminate/Session/Middleware/StartSession.php(64): Illuminate\\Session\\Middleware\\StartSession->handleStatefulRequest()
#39 /home/u907354579/domains/newpiyathissa.lbmspark.com/public_html/vendor/laravel/framework/src/Illuminate/Pipeline/Pipeline.php(180): Illuminate\\Session\\Middleware\\StartSession->handle()
#40 /home/u907354579/domains/newpiyathissa.lbmspark.com/public_html/vendor/laravel/framework/src/Illuminate/Cookie/Middleware/AddQueuedCookiesToResponse.php(37): Illuminate\\Pipeline\\Pipeline->Illuminate\\Pipeline\\{closure}()
#41 /home/u907354579/domains/newpiyathissa.lbmspark.com/public_html/vendor/laravel/framework/src/Illuminate/Pipeline/Pipeline.php(180): Illuminate\\Cookie\\Middleware\\AddQueuedCookiesToResponse->handle()
#42 /home/u907354579/domains/newpiyathissa.lbmspark.com/public_html/vendor/laravel/framework/src/Illuminate/Cookie/Middleware/EncryptCookies.php(67): Illuminate\\Pipeline\\Pipeline->Illuminate\\Pipeline\\{closure}()
#43 /home/u907354579/domains/newpiyathissa.lbmspark.com/public_html/vendor/laravel/framework/src/Illuminate/Pipeline/Pipeline.php(180): Illuminate\\Cookie\\Middleware\\EncryptCookies->handle()
#44 /home/u907354579/domains/newpiyathissa.lbmspark.com/public_html/vendor/laravel/framework/src/Illuminate/Pipeline/Pipeline.php(116): Illuminate\\Pipeline\\Pipeline->Illuminate\\Pipeline\\{closure}()
#45 /home/u907354579/domains/newpiyathissa.lbmspark.com/public_html/vendor/laravel/framework/src/Illuminate/Routing/Router.php(797): Illuminate\\Pipeline\\Pipeline->then()
#46 /home/u907354579/domains/newpiyathissa.lbmspark.com/public_html/vendor/laravel/framework/src/Illuminate/Routing/Router.php(776): Illuminate\\Routing\\Router->runRouteWithinStack()
#47 /home/u907354579/domains/newpiyathissa.lbmspark.com/public_html/vendor/laravel/framework/src/Illuminate/Routing/Router.php(740): Illuminate\\Routing\\Router->runRoute()
#48 /home/u907354579/domains/newpiyathissa.lbmspark.com/public_html/vendor/laravel/framework/src/Illuminate/Routing/Router.php(729): Illuminate\\Routing\\Router->dispatchToRoute()
#49 /home/u907354579/domains/newpiyathissa.lbmspark.com/public_html/vendor/laravel/framework/src/Illuminate/Foundation/Http/Kernel.php(190): Illuminate\\Routing\\Router->dispatch()
#50 /home/u907354579/domains/newpiyathissa.lbmspark.com/public_html/vendor/laravel/framework/src/Illuminate/Pipeline/Pipeline.php(141): Illuminate\\Foundation\\Http\\Kernel->Illuminate\\Foundation\\Http\\{closure}()
#51 /home/u907354579/domains/newpiyathissa.lbmspark.com/public_html/vendor/barryvdh/laravel-debugbar/src/Middleware/InjectDebugbar.php(59): Illuminate\\Pipeline\\Pipeline->Illuminate\\Pipeline\\{closure}()
#52 /home/u907354579/domains/newpiyathissa.lbmspark.com/public_html/vendor/laravel/framework/src/Illuminate/Pipeline/Pipeline.php(180): Barryvdh\\Debugbar\\Middleware\\InjectDebugbar->handle()
#53 /home/u907354579/domains/newpiyathissa.lbmspark.com/public_html/vendor/laravel/framework/src/Illuminate/Foundation/Http/Middleware/TransformsRequest.php(21): Illuminate\\Pipeline\\Pipeline->Illuminate\\Pipeline\\{closure}()
#54 /home/u907354579/domains/newpiyathissa.lbmspark.com/public_html/vendor/laravel/framework/src/Illuminate/Foundation/Http/Middleware/ConvertEmptyStringsToNull.php(31): Illuminate\\Foundation\\Http\\Middleware\\TransformsRequest->handle()
#55 /home/u907354579/domains/newpiyathissa.lbmspark.com/public_html/vendor/laravel/framework/src/Illuminate/Pipeline/Pipeline.php(180): Illuminate\\Foundation\\Http\\Middleware\\ConvertEmptyStringsToNull->handle()
#56 /home/u907354579/domains/newpiyathissa.lbmspark.com/public_html/vendor/laravel/framework/src/Illuminate/Foundation/Http/Middleware/TransformsRequest.php(21): Illuminate\\Pipeline\\Pipeline->Illuminate\\Pipeline\\{closure}()
#57 /home/u907354579/domains/newpiyathissa.lbmspark.com/public_html/vendor/laravel/framework/src/Illuminate/Foundation/Http/Middleware/TrimStrings.php(40): Illuminate\\Foundation\\Http\\Middleware\\TransformsRequest->handle()
#58 /home/u907354579/domains/newpiyathissa.lbmspark.com/public_html/vendor/laravel/framework/src/Illuminate/Pipeline/Pipeline.php(180): Illuminate\\Foundation\\Http\\Middleware\\TrimStrings->handle()
#59 /home/u907354579/domains/newpiyathissa.lbmspark.com/public_html/vendor/laravel/framework/src/Illuminate/Foundation/Http/Middleware/ValidatePostSize.php(27): Illuminate\\Pipeline\\Pipeline->Illuminate\\Pipeline\\{closure}()
#60 /home/u907354579/domains/newpiyathissa.lbmspark.com/public_html/vendor/laravel/framework/src/Illuminate/Pipeline/Pipeline.php(180): Illuminate\\Foundation\\Http\\Middleware\\ValidatePostSize->handle()
#61 /home/u907354579/domains/newpiyathissa.lbmspark.com/public_html/vendor/laravel/framework/src/Illuminate/Foundation/Http/Middleware/PreventRequestsDuringMaintenance.php(86): Illuminate\\Pipeline\\Pipeline->Illuminate\\Pipeline\\{closure}()
#62 /home/u907354579/domains/newpiyathissa.lbmspark.com/public_html/vendor/laravel/framework/src/Illuminate/Pipeline/Pipeline.php(180): Illuminate\\Foundation\\Http\\Middleware\\PreventRequestsDuringMaintenance->handle()
#63 /home/u907354579/domains/newpiyathissa.lbmspark.com/public_html/vendor/laravel/framework/src/Illuminate/Http/Middleware/HandleCors.php(49): Illuminate\\Pipeline\\Pipeline->Illuminate\\Pipeline\\{closure}()
#64 /home/u907354579/domains/newpiyathissa.lbmspark.com/public_html/vendor/laravel/framework/src/Illuminate/Pipeline/Pipeline.php(180): Illuminate\\Http\\Middleware\\HandleCors->handle()
#65 /home/u907354579/domains/newpiyathissa.lbmspark.com/public_html/vendor/laravel/framework/src/Illuminate/Http/Middleware/TrustProxies.php(39): Illuminate\\Pipeline\\Pipeline->Illuminate\\Pipeline\\{closure}()
#66 /home/u907354579/domains/newpiyathissa.lbmspark.com/public_html/vendor/laravel/framework/src/Illuminate/Pipeline/Pipeline.php(180): Illuminate\\Http\\Middleware\\TrustProxies->handle()
#67 /home/u907354579/domains/newpiyathissa.lbmspark.com/public_html/vendor/laravel/framework/src/Illuminate/Pipeline/Pipeline.php(116): Illuminate\\Pipeline\\Pipeline->Illuminate\\Pipeline\\{closure}()
#68 /home/u907354579/domains/newpiyathissa.lbmspark.com/public_html/vendor/laravel/framework/src/Illuminate/Foundation/Http/Kernel.php(165): Illuminate\\Pipeline\\Pipeline->then()
#69 /home/u907354579/domains/newpiyathissa.lbmspark.com/public_html/vendor/laravel/framework/src/Illuminate/Foundation/Http/Kernel.php(134): Illuminate\\Foundation\\Http\\Kernel->sendRequestThroughRouter()
#70 /home/u907354579/domains/newpiyathissa.lbmspark.com/public_html/public/index.php(51): Illuminate\\Foundation\\Http\\Kernel->handle()
#71 {main}
"} 
