[2026-03-25 13:38:13] local.ERROR: syntax error, unexpected token "<" {"userId":1,"exception":"[object] (ParseError(code: 0): syntax error, unexpected token \"<\" at /home/u907354579/domains/newpiyatissa.lbmspark.com/public_html/vendor/yajra/laravel-datatables-oracle/src/Utilities/Helper.php(96) : eval()'d code:1)
[stacktrace]
#0 /home/u907354579/domains/newpiyatissa.lbmspark.com/public_html/vendor/yajra/laravel-datatables-oracle/src/Utilities/Helper.php(63): Yajra\\DataTables\\Utilities\\Helper::compileBlade()
#1 /home/u907354579/domains/newpiyatissa.lbmspark.com/public_html/vendor/yajra/laravel-datatables-oracle/src/Processors/DataProcessor.php(156): Yajra\\DataTables\\Utilities\\Helper::compileContent()
#2 /home/u907354579/domains/newpiyatissa.lbmspark.com/public_html/vendor/yajra/laravel-datatables-oracle/src/Processors/DataProcessor.php(107): Yajra\\DataTables\\Processors\\DataProcessor->editColumns()
#3 /home/u907354579/domains/newpiyatissa.lbmspark.com/public_html/vendor/yajra/laravel-datatables-oracle/src/DataTableAbstract.php(806): Yajra\\DataTables\\Processors\\DataProcessor->process()
#4 /home/u907354579/domains/newpiyatissa.lbmspark.com/public_html/vendor/yajra/laravel-datatables-oracle/src/QueryDataTable.php(102): Yajra\\DataTables\\DataTableAbstract->processResults()
#5 /home/u907354579/domains/newpiyatissa.lbmspark.com/public_html/app/Http/Controllers/SellController.php(611): Yajra\\DataTables\\QueryDataTable->make()
#6 /home/u907354579/domains/newpiyatissa.lbmspark.com/public_html/vendor/laravel/framework/src/Illuminate/Routing/Controller.php(54): App\\Http\\Controllers\\SellController->index()
#7 /home/u907354579/domains/newpiyatissa.lbmspark.com/public_html/vendor/laravel/framework/src/Illuminate/Routing/ControllerDispatcher.php(43): Illuminate\\Routing\\Controller->callAction()
#8 /home/u907354579/domains/newpiyatissa.lbmspark.com/public_html/vendor/laravel/framework/src/Illuminate/Routing/Route.php(259): Illuminate\\Routing\\ControllerDispatcher->dispatch()
#9 /home/u907354579/domains/newpiyatissa.lbmspark.com/public_html/vendor/laravel/framework/src/Illuminate/Routing/Route.php(205): Illuminate\\Routing\\Route->runController()
#10 /home/u907354579/domains/newpiyatissa.lbmspark.com/public_html/vendor/laravel/framework/src/Illuminate/Routing/Router.php(798): Illuminate\\Routing\\Route->run()
#11 /home/u907354579/domains/newpiyatissa.lbmspark.com/public_html/vendor/laravel/framework/src/Illuminate/Pipeline/Pipeline.php(141): Illuminate\\Routing\\Router->Illuminate\\Routing\\{closure}()
#12 /home/u907354579/domains/newpiyatissa.lbmspark.com/public_html/app/Http/Middleware/CheckUserLogin.php(22): Illuminate\\Pipeline\\Pipeline->Illuminate\\Pipeline\\{closure}()
#13 /home/u907354579/domains/newpiyatissa.lbmspark.com/public_html/vendor/laravel/framework/src/Illuminate/Pipeline/Pipeline.php(180): App\\Http\\Middleware\\CheckUserLogin->handle()
#14 /home/u907354579/domains/newpiyatissa.lbmspark.com/public_html/app/Http/Middleware/AdminSidebarMenu.php(22): Illuminate\\Pipeline\\Pipeline->Illuminate\\Pipeline\\{closure}()
#15 /home/u907354579/domains/newpiyatissa.lbmspark.com/public_html/vendor/laravel/framework/src/Illuminate/Pipeline/Pipeline.php(180): App\\Http\\Middleware\\AdminSidebarMenu->handle()
#16 /home/u907354579/domains/newpiyatissa.lbmspark.com/public_html/app/Http/Middleware/Timezone.php(30): Illuminate\\Pipeline\\Pipeline->Illuminate\\Pipeline\\{closure}()
#17 /home/u907354579/domains/newpiyatissa.lbmspark.com/public_html/vendor/laravel/framework/src/Illuminate/Pipeline/Pipeline.php(180): App\\Http\\Middleware\\Timezone->handle()
#18 /home/u907354579/domains/newpiyatissa.lbmspark.com/public_html/app/Http/Middleware/Language.php(25): Illuminate\\Pipeline\\Pipeline->Illuminate\\Pipeline\\{closure}()
#19 /home/u907354579/domains/newpiyatissa.lbmspark.com/public_html/vendor/laravel/framework/src/Illuminate/Pipeline/Pipeline.php(180): App\\Http\\Middleware\\Language->handle()
#20 /home/u907354579/domains/newpiyatissa.lbmspark.com/public_html/app/Http/Middleware/SetSessionData.php(52): Illuminate\\Pipeline\\Pipeline->Illuminate\\Pipeline\\{closure}()
#21 /home/u907354579/domains/newpiyatissa.lbmspark.com/public_html/vendor/laravel/framework/src/Illuminate/Pipeline/Pipeline.php(180): App\\Http\\Middleware\\SetSessionData->handle()
#22 /home/u907354579/domains/newpiyatissa.lbmspark.com/public_html/app/Http/Middleware/IsInstalled.php(50): Illuminate\\Pipeline\\Pipeline->Illuminate\\Pipeline\\{closure}()
#23 /home/u907354579/domains/newpiyatissa.lbmspark.com/public_html/vendor/laravel/framework/src/Illuminate/Pipeline/Pipeline.php(180): App\\Http\\Middleware\\IsInstalled->handle()
#24 /home/u907354579/domains/newpiyatissa.lbmspark.com/public_html/app/Http/Middleware/DynamicDatabaseMiddleware.php(19): Illuminate\\Pipeline\\Pipeline->Illuminate\\Pipeline\\{closure}()
#25 /home/u907354579/domains/newpiyatissa.lbmspark.com/public_html/vendor/laravel/framework/src/Illuminate/Pipeline/Pipeline.php(180): App\\Http\\Middleware\\DynamicDatabaseMiddleware->handle()
#26 /home/u907354579/domains/newpiyatissa.lbmspark.com/public_html/vendor/laravel/framework/src/Illuminate/Routing/Middleware/SubstituteBindings.php(50): Illuminate\\Pipeline\\Pipeline->Illuminate\\Pipeline\\{closure}()
#27 /home/u907354579/domains/newpiyatissa.lbmspark.com/public_html/vendor/laravel/framework/src/Illuminate/Pipeline/Pipeline.php(180): Illuminate\\Routing\\Middleware\\SubstituteBindings->handle()
#28 /home/u907354579/domains/newpiyatissa.lbmspark.com/public_html/vendor/laravel/framework/src/Illuminate/Auth/Middleware/Authenticate.php(44): Illuminate\\Pipeline\\Pipeline->Illuminate\\Pipeline\\{closure}()
#29 /home/u907354579/domains/newpiyatissa.lbmspark.com/public_html/vendor/laravel/framework/src/Illuminate/Pipeline/Pipeline.php(180): Illuminate\\Auth\\Middleware\\Authenticate->handle()
#30 /home/u907354579/domains/newpiyatissa.lbmspark.com/public_html/vendor/laravel/framework/src/Illuminate/Foundation/Http/Middleware/VerifyCsrfToken.php(78): Illuminate\\Pipeline\\Pipeline->Illuminate\\Pipeline\\{closure}()
#31 /home/u907354579/domains/newpiyatissa.lbmspark.com/public_html/vendor/laravel/framework/src/Illuminate/Pipeline/Pipeline.php(180): Illuminate\\Foundation\\Http\\Middleware\\VerifyCsrfToken->handle()
#32 /home/u907354579/domains/newpiyatissa.lbmspark.com/public_html/vendor/laravel/framework/src/Illuminate/View/Middleware/ShareErrorsFromSession.php(49): Illuminate\\Pipeline\\Pipeline->Illuminate\\Pipeline\\{closure}()
#33 /home/u907354579/domains/newpiyatissa.lbmspark.com/public_html/vendor/laravel/framework/src/Illuminate/Pipeline/Pipeline.php(180): Illuminate\\View\\Middleware\\ShareErrorsFromSession->handle()
#34 /home/u907354579/domains/newpiyatissa.lbmspark.com/public_html/vendor/laravel/framework/src/Illuminate/Session/Middleware/StartSession.php(121): Illuminate\\Pipeline\\Pipeline->Illuminate\\Pipeline\\{closure}()
#35 /home/u907354579/domains/newpiyatissa.lbmspark.com/public_html/vendor/laravel/framework/src/Illuminate/Session/Middleware/StartSession.php(64): Illuminate\\Session\\Middleware\\StartSession->handleStatefulRequest()
#36 /home/u907354579/domains/newpiyatissa.lbmspark.com/public_html/vendor/laravel/framework/src/Illuminate/Pipeline/Pipeline.php(180): Illuminate\\Session\\Middleware\\StartSession->handle()
#37 /home/u907354579/domains/newpiyatissa.lbmspark.com/public_html/vendor/laravel/framework/src/Illuminate/Cookie/Middleware/AddQueuedCookiesToResponse.php(37): Illuminate\\Pipeline\\Pipeline->Illuminate\\Pipeline\\{closure}()
#38 /home/u907354579/domains/newpiyatissa.lbmspark.com/public_html/vendor/laravel/framework/src/Illuminate/Pipeline/Pipeline.php(180): Illuminate\\Cookie\\Middleware\\AddQueuedCookiesToResponse->handle()
#39 /home/u907354579/domains/newpiyatissa.lbmspark.com/public_html/vendor/laravel/framework/src/Illuminate/Cookie/Middleware/EncryptCookies.php(67): Illuminate\\Pipeline\\Pipeline->Illuminate\\Pipeline\\{closure}()
#40 /home/u907354579/domains/newpiyatissa.lbmspark.com/public_html/vendor/laravel/framework/src/Illuminate/Pipeline/Pipeline.php(180): Illuminate\\Cookie\\Middleware\\EncryptCookies->handle()
#41 /home/u907354579/domains/newpiyatissa.lbmspark.com/public_html/vendor/laravel/framework/src/Illuminate/Pipeline/Pipeline.php(116): Illuminate\\Pipeline\\Pipeline->Illuminate\\Pipeline\\{closure}()
#42 /home/u907354579/domains/newpiyatissa.lbmspark.com/public_html/vendor/laravel/framework/src/Illuminate/Routing/Router.php(797): Illuminate\\Pipeline\\Pipeline->then()
#43 /home/u907354579/domains/newpiyatissa.lbmspark.com/public_html/vendor/laravel/framework/src/Illuminate/Routing/Router.php(776): Illuminate\\Routing\\Router->runRouteWithinStack()
#44 /home/u907354579/domains/newpiyatissa.lbmspark.com/public_html/vendor/laravel/framework/src/Illuminate/Routing/Router.php(740): Illuminate\\Routing\\Router->runRoute()
#45 /home/u907354579/domains/newpiyatissa.lbmspark.com/public_html/vendor/laravel/framework/src/Illuminate/Routing/Router.php(729): Illuminate\\Routing\\Router->dispatchToRoute()
#46 /home/u907354579/domains/newpiyatissa.lbmspark.com/public_html/vendor/laravel/framework/src/Illuminate/Foundation/Http/Kernel.php(190): Illuminate\\Routing\\Router->dispatch()
#47 /home/u907354579/domains/newpiyatissa.lbmspark.com/public_html/vendor/laravel/framework/src/Illuminate/Pipeline/Pipeline.php(141): Illuminate\\Foundation\\Http\\Kernel->Illuminate\\Foundation\\Http\\{closure}()
#48 /home/u907354579/domains/newpiyatissa.lbmspark.com/public_html/vendor/barryvdh/laravel-debugbar/src/Middleware/InjectDebugbar.php(59): Illuminate\\Pipeline\\Pipeline->Illuminate\\Pipeline\\{closure}()
#49 /home/u907354579/domains/newpiyatissa.lbmspark.com/public_html/vendor/laravel/framework/src/Illuminate/Pipeline/Pipeline.php(180): Barryvdh\\Debugbar\\Middleware\\InjectDebugbar->handle()
#50 /home/u907354579/domains/newpiyatissa.lbmspark.com/public_html/vendor/laravel/framework/src/Illuminate/Foundation/Http/Middleware/TransformsRequest.php(21): Illuminate\\Pipeline\\Pipeline->Illuminate\\Pipeline\\{closure}()
#51 /home/u907354579/domains/newpiyatissa.lbmspark.com/public_html/vendor/laravel/framework/src/Illuminate/Foundation/Http/Middleware/ConvertEmptyStringsToNull.php(31): Illuminate\\Foundation\\Http\\Middleware\\TransformsRequest->handle()
#52 /home/u907354579/domains/newpiyatissa.lbmspark.com/public_html/vendor/laravel/framework/src/Illuminate/Pipeline/Pipeline.php(180): Illuminate\\Foundation\\Http\\Middleware\\ConvertEmptyStringsToNull->handle()
#53 /home/u907354579/domains/newpiyatissa.lbmspark.com/public_html/vendor/laravel/framework/src/Illuminate/Foundation/Http/Middleware/TransformsRequest.php(21): Illuminate\\Pipeline\\Pipeline->Illuminate\\Pipeline\\{closure}()
#54 /home/u907354579/domains/newpiyatissa.lbmspark.com/public_html/vendor/laravel/framework/src/Illuminate/Foundation/Http/Middleware/TrimStrings.php(40): Illuminate\\Foundation\\Http\\Middleware\\TransformsRequest->handle()
#55 /home/u907354579/domains/newpiyatissa.lbmspark.com/public_html/vendor/laravel/framework/src/Illuminate/Pipeline/Pipeline.php(180): Illuminate\\Foundation\\Http\\Middleware\\TrimStrings->handle()
#56 /home/u907354579/domains/newpiyatissa.lbmspark.com/public_html/vendor/laravel/framework/src/Illuminate/Foundation/Http/Middleware/ValidatePostSize.php(27): Illuminate\\Pipeline\\Pipeline->Illuminate\\Pipeline\\{closure}()
#57 /home/u907354579/domains/newpiyatissa.lbmspark.com/public_html/vendor/laravel/framework/src/Illuminate/Pipeline/Pipeline.php(180): Illuminate\\Foundation\\Http\\Middleware\\ValidatePostSize->handle()
#58 /home/u907354579/domains/newpiyatissa.lbmspark.com/public_html/vendor/laravel/framework/src/Illuminate/Foundation/Http/Middleware/PreventRequestsDuringMaintenance.php(86): Illuminate\\Pipeline\\Pipeline->Illuminate\\Pipeline\\{closure}()
#59 /home/u907354579/domains/newpiyatissa.lbmspark.com/public_html/vendor/laravel/framework/src/Illuminate/Pipeline/Pipeline.php(180): Illuminate\\Foundation\\Http\\Middleware\\PreventRequestsDuringMaintenance->handle()
#60 /home/u907354579/domains/newpiyatissa.lbmspark.com/public_html/vendor/laravel/framework/src/Illuminate/Http/Middleware/HandleCors.php(49): Illuminate\\Pipeline\\Pipeline->Illuminate\\Pipeline\\{closure}()
#61 /home/u907354579/domains/newpiyatissa.lbmspark.com/public_html/vendor/laravel/framework/src/Illuminate/Pipeline/Pipeline.php(180): Illuminate\\Http\\Middleware\\HandleCors->handle()
#62 /home/u907354579/domains/newpiyatissa.lbmspark.com/public_html/vendor/laravel/framework/src/Illuminate/Http/Middleware/TrustProxies.php(39): Illuminate\\Pipeline\\Pipeline->Illuminate\\Pipeline\\{closure}()
#63 /home/u907354579/domains/newpiyatissa.lbmspark.com/public_html/vendor/laravel/framework/src/Illuminate/Pipeline/Pipeline.php(180): Illuminate\\Http\\Middleware\\TrustProxies->handle()
#64 /home/u907354579/domains/newpiyatissa.lbmspark.com/public_html/vendor/laravel/framework/src/Illuminate/Pipeline/Pipeline.php(116): Illuminate\\Pipeline\\Pipeline->Illuminate\\Pipeline\\{closure}()
#65 /home/u907354579/domains/newpiyatissa.lbmspark.com/public_html/vendor/laravel/framework/src/Illuminate/Foundation/Http/Kernel.php(165): Illuminate\\Pipeline\\Pipeline->then()
#66 /home/u907354579/domains/newpiyatissa.lbmspark.com/public_html/vendor/laravel/framework/src/Illuminate/Foundation/Http/Kernel.php(134): Illuminate\\Foundation\\Http\\Kernel->sendRequestThroughRouter()
#67 /home/u907354579/domains/newpiyatissa.lbmspark.com/public_html/public/index.php(51): Illuminate\\Foundation\\Http\\Kernel->handle()
#68 {main}
"} 
[2026-03-25 13:38:33] local.ERROR: syntax error, unexpected token "<" {"userId":1,"exception":"[object] (ParseError(code: 0): syntax error, unexpected token \"<\" at /home/u907354579/domains/newpiyatissa.lbmspark.com/public_html/vendor/yajra/laravel-datatables-oracle/src/Utilities/Helper.php(96) : eval()'d code:1)
[stacktrace]
#0 /home/u907354579/domains/newpiyatissa.lbmspark.com/public_html/vendor/yajra/laravel-datatables-oracle/src/Utilities/Helper.php(63): Yajra\\DataTables\\Utilities\\Helper::compileBlade()
#1 /home/u907354579/domains/newpiyatissa.lbmspark.com/public_html/vendor/yajra/laravel-datatables-oracle/src/Processors/DataProcessor.php(156): Yajra\\DataTables\\Utilities\\Helper::compileContent()
#2 /home/u907354579/domains/newpiyatissa.lbmspark.com/public_html/vendor/yajra/laravel-datatables-oracle/src/Processors/DataProcessor.php(107): Yajra\\DataTables\\Processors\\DataProcessor->editColumns()
#3 /home/u907354579/domains/newpiyatissa.lbmspark.com/public_html/vendor/yajra/laravel-datatables-oracle/src/DataTableAbstract.php(806): Yajra\\DataTables\\Processors\\DataProcessor->process()
#4 /home/u907354579/domains/newpiyatissa.lbmspark.com/public_html/vendor/yajra/laravel-datatables-oracle/src/QueryDataTable.php(102): Yajra\\DataTables\\DataTableAbstract->processResults()
#5 /home/u907354579/domains/newpiyatissa.lbmspark.com/public_html/app/Http/Controllers/SellController.php(611): Yajra\\DataTables\\QueryDataTable->make()
#6 /home/u907354579/domains/newpiyatissa.lbmspark.com/public_html/vendor/laravel/framework/src/Illuminate/Routing/Controller.php(54): App\\Http\\Controllers\\SellController->index()
#7 /home/u907354579/domains/newpiyatissa.lbmspark.com/public_html/vendor/laravel/framework/src/Illuminate/Routing/ControllerDispatcher.php(43): Illuminate\\Routing\\Controller->callAction()
#8 /home/u907354579/domains/newpiyatissa.lbmspark.com/public_html/vendor/laravel/framework/src/Illuminate/Routing/Route.php(259): Illuminate\\Routing\\ControllerDispatcher->dispatch()
#9 /home/u907354579/domains/newpiyatissa.lbmspark.com/public_html/vendor/laravel/framework/src/Illuminate/Routing/Route.php(205): Illuminate\\Routing\\Route->runController()
#10 /home/u907354579/domains/newpiyatissa.lbmspark.com/public_html/vendor/laravel/framework/src/Illuminate/Routing/Router.php(798): Illuminate\\Routing\\Route->run()
#11 /home/u907354579/domains/newpiyatissa.lbmspark.com/public_html/vendor/laravel/framework/src/Illuminate/Pipeline/Pipeline.php(141): Illuminate\\Routing\\Router->Illuminate\\Routing\\{closure}()
#12 /home/u907354579/domains/newpiyatissa.lbmspark.com/public_html/app/Http/Middleware/CheckUserLogin.php(22): Illuminate\\Pipeline\\Pipeline->Illuminate\\Pipeline\\{closure}()
#13 /home/u907354579/domains/newpiyatissa.lbmspark.com/public_html/vendor/laravel/framework/src/Illuminate/Pipeline/Pipeline.php(180): App\\Http\\Middleware\\CheckUserLogin->handle()
#14 /home/u907354579/domains/newpiyatissa.lbmspark.com/public_html/app/Http/Middleware/AdminSidebarMenu.php(22): Illuminate\\Pipeline\\Pipeline->Illuminate\\Pipeline\\{closure}()
#15 /home/u907354579/domains/newpiyatissa.lbmspark.com/public_html/vendor/laravel/framework/src/Illuminate/Pipeline/Pipeline.php(180): App\\Http\\Middleware\\AdminSidebarMenu->handle()
#16 /home/u907354579/domains/newpiyatissa.lbmspark.com/public_html/app/Http/Middleware/Timezone.php(30): Illuminate\\Pipeline\\Pipeline->Illuminate\\Pipeline\\{closure}()
#17 /home/u907354579/domains/newpiyatissa.lbmspark.com/public_html/vendor/laravel/framework/src/Illuminate/Pipeline/Pipeline.php(180): App\\Http\\Middleware\\Timezone->handle()
#18 /home/u907354579/domains/newpiyatissa.lbmspark.com/public_html/app/Http/Middleware/Language.php(25): Illuminate\\Pipeline\\Pipeline->Illuminate\\Pipeline\\{closure}()
#19 /home/u907354579/domains/newpiyatissa.lbmspark.com/public_html/vendor/laravel/framework/src/Illuminate/Pipeline/Pipeline.php(180): App\\Http\\Middleware\\Language->handle()
#20 /home/u907354579/domains/newpiyatissa.lbmspark.com/public_html/app/Http/Middleware/SetSessionData.php(52): Illuminate\\Pipeline\\Pipeline->Illuminate\\Pipeline\\{closure}()
#21 /home/u907354579/domains/newpiyatissa.lbmspark.com/public_html/vendor/laravel/framework/src/Illuminate/Pipeline/Pipeline.php(180): App\\Http\\Middleware\\SetSessionData->handle()
#22 /home/u907354579/domains/newpiyatissa.lbmspark.com/public_html/app/Http/Middleware/IsInstalled.php(50): Illuminate\\Pipeline\\Pipeline->Illuminate\\Pipeline\\{closure}()
#23 /home/u907354579/domains/newpiyatissa.lbmspark.com/public_html/vendor/laravel/framework/src/Illuminate/Pipeline/Pipeline.php(180): App\\Http\\Middleware\\IsInstalled->handle()
#24 /home/u907354579/domains/newpiyatissa.lbmspark.com/public_html/app/Http/Middleware/DynamicDatabaseMiddleware.php(19): Illuminate\\Pipeline\\Pipeline->Illuminate\\Pipeline\\{closure}()
#25 /home/u907354579/domains/newpiyatissa.lbmspark.com/public_html/vendor/laravel/framework/src/Illuminate/Pipeline/Pipeline.php(180): App\\Http\\Middleware\\DynamicDatabaseMiddleware->handle()
#26 /home/u907354579/domains/newpiyatissa.lbmspark.com/public_html/vendor/laravel/framework/src/Illuminate/Routing/Middleware/SubstituteBindings.php(50): Illuminate\\Pipeline\\Pipeline->Illuminate\\Pipeline\\{closure}()
#27 /home/u907354579/domains/newpiyatissa.lbmspark.com/public_html/vendor/laravel/framework/src/Illuminate/Pipeline/Pipeline.php(180): Illuminate\\Routing\\Middleware\\SubstituteBindings->handle()
#28 /home/u907354579/domains/newpiyatissa.lbmspark.com/public_html/vendor/laravel/framework/src/Illuminate/Auth/Middleware/Authenticate.php(44): Illuminate\\Pipeline\\Pipeline->Illuminate\\Pipeline\\{closure}()
#29 /home/u907354579/domains/newpiyatissa.lbmspark.com/public_html/vendor/laravel/framework/src/Illuminate/Pipeline/Pipeline.php(180): Illuminate\\Auth\\Middleware\\Authenticate->handle()
#30 /home/u907354579/domains/newpiyatissa.lbmspark.com/public_html/vendor/laravel/framework/src/Illuminate/Foundation/Http/Middleware/VerifyCsrfToken.php(78): Illuminate\\Pipeline\\Pipeline->Illuminate\\Pipeline\\{closure}()
#31 /home/u907354579/domains/newpiyatissa.lbmspark.com/public_html/vendor/laravel/framework/src/Illuminate/Pipeline/Pipeline.php(180): Illuminate\\Foundation\\Http\\Middleware\\VerifyCsrfToken->handle()
#32 /home/u907354579/domains/newpiyatissa.lbmspark.com/public_html/vendor/laravel/framework/src/Illuminate/View/Middleware/ShareErrorsFromSession.php(49): Illuminate\\Pipeline\\Pipeline->Illuminate\\Pipeline\\{closure}()
#33 /home/u907354579/domains/newpiyatissa.lbmspark.com/public_html/vendor/laravel/framework/src/Illuminate/Pipeline/Pipeline.php(180): Illuminate\\View\\Middleware\\ShareErrorsFromSession->handle()
#34 /home/u907354579/domains/newpiyatissa.lbmspark.com/public_html/vendor/laravel/framework/src/Illuminate/Session/Middleware/StartSession.php(121): Illuminate\\Pipeline\\Pipeline->Illuminate\\Pipeline\\{closure}()
#35 /home/u907354579/domains/newpiyatissa.lbmspark.com/public_html/vendor/laravel/framework/src/Illuminate/Session/Middleware/StartSession.php(64): Illuminate\\Session\\Middleware\\StartSession->handleStatefulRequest()
#36 /home/u907354579/domains/newpiyatissa.lbmspark.com/public_html/vendor/laravel/framework/src/Illuminate/Pipeline/Pipeline.php(180): Illuminate\\Session\\Middleware\\StartSession->handle()
#37 /home/u907354579/domains/newpiyatissa.lbmspark.com/public_html/vendor/laravel/framework/src/Illuminate/Cookie/Middleware/AddQueuedCookiesToResponse.php(37): Illuminate\\Pipeline\\Pipeline->Illuminate\\Pipeline\\{closure}()
#38 /home/u907354579/domains/newpiyatissa.lbmspark.com/public_html/vendor/laravel/framework/src/Illuminate/Pipeline/Pipeline.php(180): Illuminate\\Cookie\\Middleware\\AddQueuedCookiesToResponse->handle()
#39 /home/u907354579/domains/newpiyatissa.lbmspark.com/public_html/vendor/laravel/framework/src/Illuminate/Cookie/Middleware/EncryptCookies.php(67): Illuminate\\Pipeline\\Pipeline->Illuminate\\Pipeline\\{closure}()
#40 /home/u907354579/domains/newpiyatissa.lbmspark.com/public_html/vendor/laravel/framework/src/Illuminate/Pipeline/Pipeline.php(180): Illuminate\\Cookie\\Middleware\\EncryptCookies->handle()
#41 /home/u907354579/domains/newpiyatissa.lbmspark.com/public_html/vendor/laravel/framework/src/Illuminate/Pipeline/Pipeline.php(116): Illuminate\\Pipeline\\Pipeline->Illuminate\\Pipeline\\{closure}()
#42 /home/u907354579/domains/newpiyatissa.lbmspark.com/public_html/vendor/laravel/framework/src/Illuminate/Routing/Router.php(797): Illuminate\\Pipeline\\Pipeline->then()
#43 /home/u907354579/domains/newpiyatissa.lbmspark.com/public_html/vendor/laravel/framework/src/Illuminate/Routing/Router.php(776): Illuminate\\Routing\\Router->runRouteWithinStack()
#44 /home/u907354579/domains/newpiyatissa.lbmspark.com/public_html/vendor/laravel/framework/src/Illuminate/Routing/Router.php(740): Illuminate\\Routing\\Router->runRoute()
#45 /home/u907354579/domains/newpiyatissa.lbmspark.com/public_html/vendor/laravel/framework/src/Illuminate/Routing/Router.php(729): Illuminate\\Routing\\Router->dispatchToRoute()
#46 /home/u907354579/domains/newpiyatissa.lbmspark.com/public_html/vendor/laravel/framework/src/Illuminate/Foundation/Http/Kernel.php(190): Illuminate\\Routing\\Router->dispatch()
#47 /home/u907354579/domains/newpiyatissa.lbmspark.com/public_html/vendor/laravel/framework/src/Illuminate/Pipeline/Pipeline.php(141): Illuminate\\Foundation\\Http\\Kernel->Illuminate\\Foundation\\Http\\{closure}()
#48 /home/u907354579/domains/newpiyatissa.lbmspark.com/public_html/vendor/barryvdh/laravel-debugbar/src/Middleware/InjectDebugbar.php(59): Illuminate\\Pipeline\\Pipeline->Illuminate\\Pipeline\\{closure}()
#49 /home/u907354579/domains/newpiyatissa.lbmspark.com/public_html/vendor/laravel/framework/src/Illuminate/Pipeline/Pipeline.php(180): Barryvdh\\Debugbar\\Middleware\\InjectDebugbar->handle()
#50 /home/u907354579/domains/newpiyatissa.lbmspark.com/public_html/vendor/laravel/framework/src/Illuminate/Foundation/Http/Middleware/TransformsRequest.php(21): Illuminate\\Pipeline\\Pipeline->Illuminate\\Pipeline\\{closure}()
#51 /home/u907354579/domains/newpiyatissa.lbmspark.com/public_html/vendor/laravel/framework/src/Illuminate/Foundation/Http/Middleware/ConvertEmptyStringsToNull.php(31): Illuminate\\Foundation\\Http\\Middleware\\TransformsRequest->handle()
#52 /home/u907354579/domains/newpiyatissa.lbmspark.com/public_html/vendor/laravel/framework/src/Illuminate/Pipeline/Pipeline.php(180): Illuminate\\Foundation\\Http\\Middleware\\ConvertEmptyStringsToNull->handle()
#53 /home/u907354579/domains/newpiyatissa.lbmspark.com/public_html/vendor/laravel/framework/src/Illuminate/Foundation/Http/Middleware/TransformsRequest.php(21): Illuminate\\Pipeline\\Pipeline->Illuminate\\Pipeline\\{closure}()
#54 /home/u907354579/domains/newpiyatissa.lbmspark.com/public_html/vendor/laravel/framework/src/Illuminate/Foundation/Http/Middleware/TrimStrings.php(40): Illuminate\\Foundation\\Http\\Middleware\\TransformsRequest->handle()
#55 /home/u907354579/domains/newpiyatissa.lbmspark.com/public_html/vendor/laravel/framework/src/Illuminate/Pipeline/Pipeline.php(180): Illuminate\\Foundation\\Http\\Middleware\\TrimStrings->handle()
#56 /home/u907354579/domains/newpiyatissa.lbmspark.com/public_html/vendor/laravel/framework/src/Illuminate/Foundation/Http/Middleware/ValidatePostSize.php(27): Illuminate\\Pipeline\\Pipeline->Illuminate\\Pipeline\\{closure}()
#57 /home/u907354579/domains/newpiyatissa.lbmspark.com/public_html/vendor/laravel/framework/src/Illuminate/Pipeline/Pipeline.php(180): Illuminate\\Foundation\\Http\\Middleware\\ValidatePostSize->handle()
#58 /home/u907354579/domains/newpiyatissa.lbmspark.com/public_html/vendor/laravel/framework/src/Illuminate/Foundation/Http/Middleware/PreventRequestsDuringMaintenance.php(86): Illuminate\\Pipeline\\Pipeline->Illuminate\\Pipeline\\{closure}()
#59 /home/u907354579/domains/newpiyatissa.lbmspark.com/public_html/vendor/laravel/framework/src/Illuminate/Pipeline/Pipeline.php(180): Illuminate\\Foundation\\Http\\Middleware\\PreventRequestsDuringMaintenance->handle()
#60 /home/u907354579/domains/newpiyatissa.lbmspark.com/public_html/vendor/laravel/framework/src/Illuminate/Http/Middleware/HandleCors.php(49): Illuminate\\Pipeline\\Pipeline->Illuminate\\Pipeline\\{closure}()
#61 /home/u907354579/domains/newpiyatissa.lbmspark.com/public_html/vendor/laravel/framework/src/Illuminate/Pipeline/Pipeline.php(180): Illuminate\\Http\\Middleware\\HandleCors->handle()
#62 /home/u907354579/domains/newpiyatissa.lbmspark.com/public_html/vendor/laravel/framework/src/Illuminate/Http/Middleware/TrustProxies.php(39): Illuminate\\Pipeline\\Pipeline->Illuminate\\Pipeline\\{closure}()
#63 /home/u907354579/domains/newpiyatissa.lbmspark.com/public_html/vendor/laravel/framework/src/Illuminate/Pipeline/Pipeline.php(180): Illuminate\\Http\\Middleware\\TrustProxies->handle()
#64 /home/u907354579/domains/newpiyatissa.lbmspark.com/public_html/vendor/laravel/framework/src/Illuminate/Pipeline/Pipeline.php(116): Illuminate\\Pipeline\\Pipeline->Illuminate\\Pipeline\\{closure}()
#65 /home/u907354579/domains/newpiyatissa.lbmspark.com/public_html/vendor/laravel/framework/src/Illuminate/Foundation/Http/Kernel.php(165): Illuminate\\Pipeline\\Pipeline->then()
#66 /home/u907354579/domains/newpiyatissa.lbmspark.com/public_html/vendor/laravel/framework/src/Illuminate/Foundation/Http/Kernel.php(134): Illuminate\\Foundation\\Http\\Kernel->sendRequestThroughRouter()
#67 /home/u907354579/domains/newpiyatissa.lbmspark.com/public_html/public/index.php(51): Illuminate\\Foundation\\Http\\Kernel->handle()
#68 {main}
"} 
[2026-03-25 13:40:45] local.ERROR: syntax error, unexpected token "<" {"userId":1,"exception":"[object] (ParseError(code: 0): syntax error, unexpected token \"<\" at /home/u907354579/domains/newpiyatissa.lbmspark.com/public_html/vendor/yajra/laravel-datatables-oracle/src/Utilities/Helper.php(96) : eval()'d code:1)
[stacktrace]
#0 /home/u907354579/domains/newpiyatissa.lbmspark.com/public_html/vendor/yajra/laravel-datatables-oracle/src/Utilities/Helper.php(63): Yajra\\DataTables\\Utilities\\Helper::compileBlade()
#1 /home/u907354579/domains/newpiyatissa.lbmspark.com/public_html/vendor/yajra/laravel-datatables-oracle/src/Processors/DataProcessor.php(156): Yajra\\DataTables\\Utilities\\Helper::compileContent()
#2 /home/u907354579/domains/newpiyatissa.lbmspark.com/public_html/vendor/yajra/laravel-datatables-oracle/src/Processors/DataProcessor.php(107): Yajra\\DataTables\\Processors\\DataProcessor->editColumns()
#3 /home/u907354579/domains/newpiyatissa.lbmspark.com/public_html/vendor/yajra/laravel-datatables-oracle/src/DataTableAbstract.php(806): Yajra\\DataTables\\Processors\\DataProcessor->process()
#4 /home/u907354579/domains/newpiyatissa.lbmspark.com/public_html/vendor/yajra/laravel-datatables-oracle/src/QueryDataTable.php(102): Yajra\\DataTables\\DataTableAbstract->processResults()
#5 /home/u907354579/domains/newpiyatissa.lbmspark.com/public_html/app/Http/Controllers/SellController.php(611): Yajra\\DataTables\\QueryDataTable->make()
#6 /home/u907354579/domains/newpiyatissa.lbmspark.com/public_html/vendor/laravel/framework/src/Illuminate/Routing/Controller.php(54): App\\Http\\Controllers\\SellController->index()
#7 /home/u907354579/domains/newpiyatissa.lbmspark.com/public_html/vendor/laravel/framework/src/Illuminate/Routing/ControllerDispatcher.php(43): Illuminate\\Routing\\Controller->callAction()
#8 /home/u907354579/domains/newpiyatissa.lbmspark.com/public_html/vendor/laravel/framework/src/Illuminate/Routing/Route.php(259): Illuminate\\Routing\\ControllerDispatcher->dispatch()
#9 /home/u907354579/domains/newpiyatissa.lbmspark.com/public_html/vendor/laravel/framework/src/Illuminate/Routing/Route.php(205): Illuminate\\Routing\\Route->runController()
#10 /home/u907354579/domains/newpiyatissa.lbmspark.com/public_html/vendor/laravel/framework/src/Illuminate/Routing/Router.php(798): Illuminate\\Routing\\Route->run()
#11 /home/u907354579/domains/newpiyatissa.lbmspark.com/public_html/vendor/laravel/framework/src/Illuminate/Pipeline/Pipeline.php(141): Illuminate\\Routing\\Router->Illuminate\\Routing\\{closure}()
#12 /home/u907354579/domains/newpiyatissa.lbmspark.com/public_html/app/Http/Middleware/CheckUserLogin.php(22): Illuminate\\Pipeline\\Pipeline->Illuminate\\Pipeline\\{closure}()
#13 /home/u907354579/domains/newpiyatissa.lbmspark.com/public_html/vendor/laravel/framework/src/Illuminate/Pipeline/Pipeline.php(180): App\\Http\\Middleware\\CheckUserLogin->handle()
#14 /home/u907354579/domains/newpiyatissa.lbmspark.com/public_html/app/Http/Middleware/AdminSidebarMenu.php(22): Illuminate\\Pipeline\\Pipeline->Illuminate\\Pipeline\\{closure}()
#15 /home/u907354579/domains/newpiyatissa.lbmspark.com/public_html/vendor/laravel/framework/src/Illuminate/Pipeline/Pipeline.php(180): App\\Http\\Middleware\\AdminSidebarMenu->handle()
#16 /home/u907354579/domains/newpiyatissa.lbmspark.com/public_html/app/Http/Middleware/Timezone.php(30): Illuminate\\Pipeline\\Pipeline->Illuminate\\Pipeline\\{closure}()
#17 /home/u907354579/domains/newpiyatissa.lbmspark.com/public_html/vendor/laravel/framework/src/Illuminate/Pipeline/Pipeline.php(180): App\\Http\\Middleware\\Timezone->handle()
#18 /home/u907354579/domains/newpiyatissa.lbmspark.com/public_html/app/Http/Middleware/Language.php(25): Illuminate\\Pipeline\\Pipeline->Illuminate\\Pipeline\\{closure}()
#19 /home/u907354579/domains/newpiyatissa.lbmspark.com/public_html/vendor/laravel/framework/src/Illuminate/Pipeline/Pipeline.php(180): App\\Http\\Middleware\\Language->handle()
#20 /home/u907354579/domains/newpiyatissa.lbmspark.com/public_html/app/Http/Middleware/SetSessionData.php(52): Illuminate\\Pipeline\\Pipeline->Illuminate\\Pipeline\\{closure}()
#21 /home/u907354579/domains/newpiyatissa.lbmspark.com/public_html/vendor/laravel/framework/src/Illuminate/Pipeline/Pipeline.php(180): App\\Http\\Middleware\\SetSessionData->handle()
#22 /home/u907354579/domains/newpiyatissa.lbmspark.com/public_html/app/Http/Middleware/IsInstalled.php(50): Illuminate\\Pipeline\\Pipeline->Illuminate\\Pipeline\\{closure}()
#23 /home/u907354579/domains/newpiyatissa.lbmspark.com/public_html/vendor/laravel/framework/src/Illuminate/Pipeline/Pipeline.php(180): App\\Http\\Middleware\\IsInstalled->handle()
#24 /home/u907354579/domains/newpiyatissa.lbmspark.com/public_html/app/Http/Middleware/DynamicDatabaseMiddleware.php(19): Illuminate\\Pipeline\\Pipeline->Illuminate\\Pipeline\\{closure}()
#25 /home/u907354579/domains/newpiyatissa.lbmspark.com/public_html/vendor/laravel/framework/src/Illuminate/Pipeline/Pipeline.php(180): App\\Http\\Middleware\\DynamicDatabaseMiddleware->handle()
#26 /home/u907354579/domains/newpiyatissa.lbmspark.com/public_html/vendor/laravel/framework/src/Illuminate/Routing/Middleware/SubstituteBindings.php(50): Illuminate\\Pipeline\\Pipeline->Illuminate\\Pipeline\\{closure}()
#27 /home/u907354579/domains/newpiyatissa.lbmspark.com/public_html/vendor/laravel/framework/src/Illuminate/Pipeline/Pipeline.php(180): Illuminate\\Routing\\Middleware\\SubstituteBindings->handle()
#28 /home/u907354579/domains/newpiyatissa.lbmspark.com/public_html/vendor/laravel/framework/src/Illuminate/Auth/Middleware/Authenticate.php(44): Illuminate\\Pipeline\\Pipeline->Illuminate\\Pipeline\\{closure}()
#29 /home/u907354579/domains/newpiyatissa.lbmspark.com/public_html/vendor/laravel/framework/src/Illuminate/Pipeline/Pipeline.php(180): Illuminate\\Auth\\Middleware\\Authenticate->handle()
#30 /home/u907354579/domains/newpiyatissa.lbmspark.com/public_html/vendor/laravel/framework/src/Illuminate/Foundation/Http/Middleware/VerifyCsrfToken.php(78): Illuminate\\Pipeline\\Pipeline->Illuminate\\Pipeline\\{closure}()
#31 /home/u907354579/domains/newpiyatissa.lbmspark.com/public_html/vendor/laravel/framework/src/Illuminate/Pipeline/Pipeline.php(180): Illuminate\\Foundation\\Http\\Middleware\\VerifyCsrfToken->handle()
#32 /home/u907354579/domains/newpiyatissa.lbmspark.com/public_html/vendor/laravel/framework/src/Illuminate/View/Middleware/ShareErrorsFromSession.php(49): Illuminate\\Pipeline\\Pipeline->Illuminate\\Pipeline\\{closure}()
#33 /home/u907354579/domains/newpiyatissa.lbmspark.com/public_html/vendor/laravel/framework/src/Illuminate/Pipeline/Pipeline.php(180): Illuminate\\View\\Middleware\\ShareErrorsFromSession->handle()
#34 /home/u907354579/domains/newpiyatissa.lbmspark.com/public_html/vendor/laravel/framework/src/Illuminate/Session/Middleware/StartSession.php(121): Illuminate\\Pipeline\\Pipeline->Illuminate\\Pipeline\\{closure}()
#35 /home/u907354579/domains/newpiyatissa.lbmspark.com/public_html/vendor/laravel/framework/src/Illuminate/Session/Middleware/StartSession.php(64): Illuminate\\Session\\Middleware\\StartSession->handleStatefulRequest()
#36 /home/u907354579/domains/newpiyatissa.lbmspark.com/public_html/vendor/laravel/framework/src/Illuminate/Pipeline/Pipeline.php(180): Illuminate\\Session\\Middleware\\StartSession->handle()
#37 /home/u907354579/domains/newpiyatissa.lbmspark.com/public_html/vendor/laravel/framework/src/Illuminate/Cookie/Middleware/AddQueuedCookiesToResponse.php(37): Illuminate\\Pipeline\\Pipeline->Illuminate\\Pipeline\\{closure}()
#38 /home/u907354579/domains/newpiyatissa.lbmspark.com/public_html/vendor/laravel/framework/src/Illuminate/Pipeline/Pipeline.php(180): Illuminate\\Cookie\\Middleware\\AddQueuedCookiesToResponse->handle()
#39 /home/u907354579/domains/newpiyatissa.lbmspark.com/public_html/vendor/laravel/framework/src/Illuminate/Cookie/Middleware/EncryptCookies.php(67): Illuminate\\Pipeline\\Pipeline->Illuminate\\Pipeline\\{closure}()
#40 /home/u907354579/domains/newpiyatissa.lbmspark.com/public_html/vendor/laravel/framework/src/Illuminate/Pipeline/Pipeline.php(180): Illuminate\\Cookie\\Middleware\\EncryptCookies->handle()
#41 /home/u907354579/domains/newpiyatissa.lbmspark.com/public_html/vendor/laravel/framework/src/Illuminate/Pipeline/Pipeline.php(116): Illuminate\\Pipeline\\Pipeline->Illuminate\\Pipeline\\{closure}()
#42 /home/u907354579/domains/newpiyatissa.lbmspark.com/public_html/vendor/laravel/framework/src/Illuminate/Routing/Router.php(797): Illuminate\\Pipeline\\Pipeline->then()
#43 /home/u907354579/domains/newpiyatissa.lbmspark.com/public_html/vendor/laravel/framework/src/Illuminate/Routing/Router.php(776): Illuminate\\Routing\\Router->runRouteWithinStack()
#44 /home/u907354579/domains/newpiyatissa.lbmspark.com/public_html/vendor/laravel/framework/src/Illuminate/Routing/Router.php(740): Illuminate\\Routing\\Router->runRoute()
#45 /home/u907354579/domains/newpiyatissa.lbmspark.com/public_html/vendor/laravel/framework/src/Illuminate/Routing/Router.php(729): Illuminate\\Routing\\Router->dispatchToRoute()
#46 /home/u907354579/domains/newpiyatissa.lbmspark.com/public_html/vendor/laravel/framework/src/Illuminate/Foundation/Http/Kernel.php(190): Illuminate\\Routing\\Router->dispatch()
#47 /home/u907354579/domains/newpiyatissa.lbmspark.com/public_html/vendor/laravel/framework/src/Illuminate/Pipeline/Pipeline.php(141): Illuminate\\Foundation\\Http\\Kernel->Illuminate\\Foundation\\Http\\{closure}()
#48 /home/u907354579/domains/newpiyatissa.lbmspark.com/public_html/vendor/barryvdh/laravel-debugbar/src/Middleware/InjectDebugbar.php(59): Illuminate\\Pipeline\\Pipeline->Illuminate\\Pipeline\\{closure}()
#49 /home/u907354579/domains/newpiyatissa.lbmspark.com/public_html/vendor/laravel/framework/src/Illuminate/Pipeline/Pipeline.php(180): Barryvdh\\Debugbar\\Middleware\\InjectDebugbar->handle()
#50 /home/u907354579/domains/newpiyatissa.lbmspark.com/public_html/vendor/laravel/framework/src/Illuminate/Foundation/Http/Middleware/TransformsRequest.php(21): Illuminate\\Pipeline\\Pipeline->Illuminate\\Pipeline\\{closure}()
#51 /home/u907354579/domains/newpiyatissa.lbmspark.com/public_html/vendor/laravel/framework/src/Illuminate/Foundation/Http/Middleware/ConvertEmptyStringsToNull.php(31): Illuminate\\Foundation\\Http\\Middleware\\TransformsRequest->handle()
#52 /home/u907354579/domains/newpiyatissa.lbmspark.com/public_html/vendor/laravel/framework/src/Illuminate/Pipeline/Pipeline.php(180): Illuminate\\Foundation\\Http\\Middleware\\ConvertEmptyStringsToNull->handle()
#53 /home/u907354579/domains/newpiyatissa.lbmspark.com/public_html/vendor/laravel/framework/src/Illuminate/Foundation/Http/Middleware/TransformsRequest.php(21): Illuminate\\Pipeline\\Pipeline->Illuminate\\Pipeline\\{closure}()
#54 /home/u907354579/domains/newpiyatissa.lbmspark.com/public_html/vendor/laravel/framework/src/Illuminate/Foundation/Http/Middleware/TrimStrings.php(40): Illuminate\\Foundation\\Http\\Middleware\\TransformsRequest->handle()
#55 /home/u907354579/domains/newpiyatissa.lbmspark.com/public_html/vendor/laravel/framework/src/Illuminate/Pipeline/Pipeline.php(180): Illuminate\\Foundation\\Http\\Middleware\\TrimStrings->handle()
#56 /home/u907354579/domains/newpiyatissa.lbmspark.com/public_html/vendor/laravel/framework/src/Illuminate/Foundation/Http/Middleware/ValidatePostSize.php(27): Illuminate\\Pipeline\\Pipeline->Illuminate\\Pipeline\\{closure}()
#57 /home/u907354579/domains/newpiyatissa.lbmspark.com/public_html/vendor/laravel/framework/src/Illuminate/Pipeline/Pipeline.php(180): Illuminate\\Foundation\\Http\\Middleware\\ValidatePostSize->handle()
#58 /home/u907354579/domains/newpiyatissa.lbmspark.com/public_html/vendor/laravel/framework/src/Illuminate/Foundation/Http/Middleware/PreventRequestsDuringMaintenance.php(86): Illuminate\\Pipeline\\Pipeline->Illuminate\\Pipeline\\{closure}()
#59 /home/u907354579/domains/newpiyatissa.lbmspark.com/public_html/vendor/laravel/framework/src/Illuminate/Pipeline/Pipeline.php(180): Illuminate\\Foundation\\Http\\Middleware\\PreventRequestsDuringMaintenance->handle()
#60 /home/u907354579/domains/newpiyatissa.lbmspark.com/public_html/vendor/laravel/framework/src/Illuminate/Http/Middleware/HandleCors.php(49): Illuminate\\Pipeline\\Pipeline->Illuminate\\Pipeline\\{closure}()
#61 /home/u907354579/domains/newpiyatissa.lbmspark.com/public_html/vendor/laravel/framework/src/Illuminate/Pipeline/Pipeline.php(180): Illuminate\\Http\\Middleware\\HandleCors->handle()
#62 /home/u907354579/domains/newpiyatissa.lbmspark.com/public_html/vendor/laravel/framework/src/Illuminate/Http/Middleware/TrustProxies.php(39): Illuminate\\Pipeline\\Pipeline->Illuminate\\Pipeline\\{closure}()
#63 /home/u907354579/domains/newpiyatissa.lbmspark.com/public_html/vendor/laravel/framework/src/Illuminate/Pipeline/Pipeline.php(180): Illuminate\\Http\\Middleware\\TrustProxies->handle()
#64 /home/u907354579/domains/newpiyatissa.lbmspark.com/public_html/vendor/laravel/framework/src/Illuminate/Pipeline/Pipeline.php(116): Illuminate\\Pipeline\\Pipeline->Illuminate\\Pipeline\\{closure}()
#65 /home/u907354579/domains/newpiyatissa.lbmspark.com/public_html/vendor/laravel/framework/src/Illuminate/Foundation/Http/Kernel.php(165): Illuminate\\Pipeline\\Pipeline->then()
#66 /home/u907354579/domains/newpiyatissa.lbmspark.com/public_html/vendor/laravel/framework/src/Illuminate/Foundation/Http/Kernel.php(134): Illuminate\\Foundation\\Http\\Kernel->sendRequestThroughRouter()
#67 /home/u907354579/domains/newpiyatissa.lbmspark.com/public_html/public/index.php(51): Illuminate\\Foundation\\Http\\Kernel->handle()
#68 {main}
"} 
[2026-03-25 13:41:42] local.ERROR: syntax error, unexpected token "<" {"userId":1,"exception":"[object] (ParseError(code: 0): syntax error, unexpected token \"<\" at /home/u907354579/domains/newpiyatissa.lbmspark.com/public_html/vendor/yajra/laravel-datatables-oracle/src/Utilities/Helper.php(96) : eval()'d code:1)
[stacktrace]
#0 /home/u907354579/domains/newpiyatissa.lbmspark.com/public_html/vendor/yajra/laravel-datatables-oracle/src/Utilities/Helper.php(63): Yajra\\DataTables\\Utilities\\Helper::compileBlade()
#1 /home/u907354579/domains/newpiyatissa.lbmspark.com/public_html/vendor/yajra/laravel-datatables-oracle/src/Processors/DataProcessor.php(156): Yajra\\DataTables\\Utilities\\Helper::compileContent()
#2 /home/u907354579/domains/newpiyatissa.lbmspark.com/public_html/vendor/yajra/laravel-datatables-oracle/src/Processors/DataProcessor.php(107): Yajra\\DataTables\\Processors\\DataProcessor->editColumns()
#3 /home/u907354579/domains/newpiyatissa.lbmspark.com/public_html/vendor/yajra/laravel-datatables-oracle/src/DataTableAbstract.php(806): Yajra\\DataTables\\Processors\\DataProcessor->process()
#4 /home/u907354579/domains/newpiyatissa.lbmspark.com/public_html/vendor/yajra/laravel-datatables-oracle/src/QueryDataTable.php(102): Yajra\\DataTables\\DataTableAbstract->processResults()
#5 /home/u907354579/domains/newpiyatissa.lbmspark.com/public_html/app/Http/Controllers/SellController.php(611): Yajra\\DataTables\\QueryDataTable->make()
#6 /home/u907354579/domains/newpiyatissa.lbmspark.com/public_html/vendor/laravel/framework/src/Illuminate/Routing/Controller.php(54): App\\Http\\Controllers\\SellController->index()
#7 /home/u907354579/domains/newpiyatissa.lbmspark.com/public_html/vendor/laravel/framework/src/Illuminate/Routing/ControllerDispatcher.php(43): Illuminate\\Routing\\Controller->callAction()
#8 /home/u907354579/domains/newpiyatissa.lbmspark.com/public_html/vendor/laravel/framework/src/Illuminate/Routing/Route.php(259): Illuminate\\Routing\\ControllerDispatcher->dispatch()
#9 /home/u907354579/domains/newpiyatissa.lbmspark.com/public_html/vendor/laravel/framework/src/Illuminate/Routing/Route.php(205): Illuminate\\Routing\\Route->runController()
#10 /home/u907354579/domains/newpiyatissa.lbmspark.com/public_html/vendor/laravel/framework/src/Illuminate/Routing/Router.php(798): Illuminate\\Routing\\Route->run()
#11 /home/u907354579/domains/newpiyatissa.lbmspark.com/public_html/vendor/laravel/framework/src/Illuminate/Pipeline/Pipeline.php(141): Illuminate\\Routing\\Router->Illuminate\\Routing\\{closure}()
#12 /home/u907354579/domains/newpiyatissa.lbmspark.com/public_html/app/Http/Middleware/CheckUserLogin.php(22): Illuminate\\Pipeline\\Pipeline->Illuminate\\Pipeline\\{closure}()
#13 /home/u907354579/domains/newpiyatissa.lbmspark.com/public_html/vendor/laravel/framework/src/Illuminate/Pipeline/Pipeline.php(180): App\\Http\\Middleware\\CheckUserLogin->handle()
#14 /home/u907354579/domains/newpiyatissa.lbmspark.com/public_html/app/Http/Middleware/AdminSidebarMenu.php(22): Illuminate\\Pipeline\\Pipeline->Illuminate\\Pipeline\\{closure}()
#15 /home/u907354579/domains/newpiyatissa.lbmspark.com/public_html/vendor/laravel/framework/src/Illuminate/Pipeline/Pipeline.php(180): App\\Http\\Middleware\\AdminSidebarMenu->handle()
#16 /home/u907354579/domains/newpiyatissa.lbmspark.com/public_html/app/Http/Middleware/Timezone.php(30): Illuminate\\Pipeline\\Pipeline->Illuminate\\Pipeline\\{closure}()
#17 /home/u907354579/domains/newpiyatissa.lbmspark.com/public_html/vendor/laravel/framework/src/Illuminate/Pipeline/Pipeline.php(180): App\\Http\\Middleware\\Timezone->handle()
#18 /home/u907354579/domains/newpiyatissa.lbmspark.com/public_html/app/Http/Middleware/Language.php(25): Illuminate\\Pipeline\\Pipeline->Illuminate\\Pipeline\\{closure}()
#19 /home/u907354579/domains/newpiyatissa.lbmspark.com/public_html/vendor/laravel/framework/src/Illuminate/Pipeline/Pipeline.php(180): App\\Http\\Middleware\\Language->handle()
#20 /home/u907354579/domains/newpiyatissa.lbmspark.com/public_html/app/Http/Middleware/SetSessionData.php(52): Illuminate\\Pipeline\\Pipeline->Illuminate\\Pipeline\\{closure}()
#21 /home/u907354579/domains/newpiyatissa.lbmspark.com/public_html/vendor/laravel/framework/src/Illuminate/Pipeline/Pipeline.php(180): App\\Http\\Middleware\\SetSessionData->handle()
#22 /home/u907354579/domains/newpiyatissa.lbmspark.com/public_html/app/Http/Middleware/IsInstalled.php(50): Illuminate\\Pipeline\\Pipeline->Illuminate\\Pipeline\\{closure}()
#23 /home/u907354579/domains/newpiyatissa.lbmspark.com/public_html/vendor/laravel/framework/src/Illuminate/Pipeline/Pipeline.php(180): App\\Http\\Middleware\\IsInstalled->handle()
#24 /home/u907354579/domains/newpiyatissa.lbmspark.com/public_html/app/Http/Middleware/DynamicDatabaseMiddleware.php(19): Illuminate\\Pipeline\\Pipeline->Illuminate\\Pipeline\\{closure}()
#25 /home/u907354579/domains/newpiyatissa.lbmspark.com/public_html/vendor/laravel/framework/src/Illuminate/Pipeline/Pipeline.php(180): App\\Http\\Middleware\\DynamicDatabaseMiddleware->handle()
#26 /home/u907354579/domains/newpiyatissa.lbmspark.com/public_html/vendor/laravel/framework/src/Illuminate/Routing/Middleware/SubstituteBindings.php(50): Illuminate\\Pipeline\\Pipeline->Illuminate\\Pipeline\\{closure}()
#27 /home/u907354579/domains/newpiyatissa.lbmspark.com/public_html/vendor/laravel/framework/src/Illuminate/Pipeline/Pipeline.php(180): Illuminate\\Routing\\Middleware\\SubstituteBindings->handle()
#28 /home/u907354579/domains/newpiyatissa.lbmspark.com/public_html/vendor/laravel/framework/src/Illuminate/Auth/Middleware/Authenticate.php(44): Illuminate\\Pipeline\\Pipeline->Illuminate\\Pipeline\\{closure}()
#29 /home/u907354579/domains/newpiyatissa.lbmspark.com/public_html/vendor/laravel/framework/src/Illuminate/Pipeline/Pipeline.php(180): Illuminate\\Auth\\Middleware\\Authenticate->handle()
#30 /home/u907354579/domains/newpiyatissa.lbmspark.com/public_html/vendor/laravel/framework/src/Illuminate/Foundation/Http/Middleware/VerifyCsrfToken.php(78): Illuminate\\Pipeline\\Pipeline->Illuminate\\Pipeline\\{closure}()
#31 /home/u907354579/domains/newpiyatissa.lbmspark.com/public_html/vendor/laravel/framework/src/Illuminate/Pipeline/Pipeline.php(180): Illuminate\\Foundation\\Http\\Middleware\\VerifyCsrfToken->handle()
#32 /home/u907354579/domains/newpiyatissa.lbmspark.com/public_html/vendor/laravel/framework/src/Illuminate/View/Middleware/ShareErrorsFromSession.php(49): Illuminate\\Pipeline\\Pipeline->Illuminate\\Pipeline\\{closure}()
#33 /home/u907354579/domains/newpiyatissa.lbmspark.com/public_html/vendor/laravel/framework/src/Illuminate/Pipeline/Pipeline.php(180): Illuminate\\View\\Middleware\\ShareErrorsFromSession->handle()
#34 /home/u907354579/domains/newpiyatissa.lbmspark.com/public_html/vendor/laravel/framework/src/Illuminate/Session/Middleware/StartSession.php(121): Illuminate\\Pipeline\\Pipeline->Illuminate\\Pipeline\\{closure}()
#35 /home/u907354579/domains/newpiyatissa.lbmspark.com/public_html/vendor/laravel/framework/src/Illuminate/Session/Middleware/StartSession.php(64): Illuminate\\Session\\Middleware\\StartSession->handleStatefulRequest()
#36 /home/u907354579/domains/newpiyatissa.lbmspark.com/public_html/vendor/laravel/framework/src/Illuminate/Pipeline/Pipeline.php(180): Illuminate\\Session\\Middleware\\StartSession->handle()
#37 /home/u907354579/domains/newpiyatissa.lbmspark.com/public_html/vendor/laravel/framework/src/Illuminate/Cookie/Middleware/AddQueuedCookiesToResponse.php(37): Illuminate\\Pipeline\\Pipeline->Illuminate\\Pipeline\\{closure}()
#38 /home/u907354579/domains/newpiyatissa.lbmspark.com/public_html/vendor/laravel/framework/src/Illuminate/Pipeline/Pipeline.php(180): Illuminate\\Cookie\\Middleware\\AddQueuedCookiesToResponse->handle()
#39 /home/u907354579/domains/newpiyatissa.lbmspark.com/public_html/vendor/laravel/framework/src/Illuminate/Cookie/Middleware/EncryptCookies.php(67): Illuminate\\Pipeline\\Pipeline->Illuminate\\Pipeline\\{closure}()
#40 /home/u907354579/domains/newpiyatissa.lbmspark.com/public_html/vendor/laravel/framework/src/Illuminate/Pipeline/Pipeline.php(180): Illuminate\\Cookie\\Middleware\\EncryptCookies->handle()
#41 /home/u907354579/domains/newpiyatissa.lbmspark.com/public_html/vendor/laravel/framework/src/Illuminate/Pipeline/Pipeline.php(116): Illuminate\\Pipeline\\Pipeline->Illuminate\\Pipeline\\{closure}()
#42 /home/u907354579/domains/newpiyatissa.lbmspark.com/public_html/vendor/laravel/framework/src/Illuminate/Routing/Router.php(797): Illuminate\\Pipeline\\Pipeline->then()
#43 /home/u907354579/domains/newpiyatissa.lbmspark.com/public_html/vendor/laravel/framework/src/Illuminate/Routing/Router.php(776): Illuminate\\Routing\\Router->runRouteWithinStack()
#44 /home/u907354579/domains/newpiyatissa.lbmspark.com/public_html/vendor/laravel/framework/src/Illuminate/Routing/Router.php(740): Illuminate\\Routing\\Router->runRoute()
#45 /home/u907354579/domains/newpiyatissa.lbmspark.com/public_html/vendor/laravel/framework/src/Illuminate/Routing/Router.php(729): Illuminate\\Routing\\Router->dispatchToRoute()
#46 /home/u907354579/domains/newpiyatissa.lbmspark.com/public_html/vendor/laravel/framework/src/Illuminate/Foundation/Http/Kernel.php(190): Illuminate\\Routing\\Router->dispatch()
#47 /home/u907354579/domains/newpiyatissa.lbmspark.com/public_html/vendor/laravel/framework/src/Illuminate/Pipeline/Pipeline.php(141): Illuminate\\Foundation\\Http\\Kernel->Illuminate\\Foundation\\Http\\{closure}()
#48 /home/u907354579/domains/newpiyatissa.lbmspark.com/public_html/vendor/barryvdh/laravel-debugbar/src/Middleware/InjectDebugbar.php(59): Illuminate\\Pipeline\\Pipeline->Illuminate\\Pipeline\\{closure}()
#49 /home/u907354579/domains/newpiyatissa.lbmspark.com/public_html/vendor/laravel/framework/src/Illuminate/Pipeline/Pipeline.php(180): Barryvdh\\Debugbar\\Middleware\\InjectDebugbar->handle()
#50 /home/u907354579/domains/newpiyatissa.lbmspark.com/public_html/vendor/laravel/framework/src/Illuminate/Foundation/Http/Middleware/TransformsRequest.php(21): Illuminate\\Pipeline\\Pipeline->Illuminate\\Pipeline\\{closure}()
#51 /home/u907354579/domains/newpiyatissa.lbmspark.com/public_html/vendor/laravel/framework/src/Illuminate/Foundation/Http/Middleware/ConvertEmptyStringsToNull.php(31): Illuminate\\Foundation\\Http\\Middleware\\TransformsRequest->handle()
#52 /home/u907354579/domains/newpiyatissa.lbmspark.com/public_html/vendor/laravel/framework/src/Illuminate/Pipeline/Pipeline.php(180): Illuminate\\Foundation\\Http\\Middleware\\ConvertEmptyStringsToNull->handle()
#53 /home/u907354579/domains/newpiyatissa.lbmspark.com/public_html/vendor/laravel/framework/src/Illuminate/Foundation/Http/Middleware/TransformsRequest.php(21): Illuminate\\Pipeline\\Pipeline->Illuminate\\Pipeline\\{closure}()
#54 /home/u907354579/domains/newpiyatissa.lbmspark.com/public_html/vendor/laravel/framework/src/Illuminate/Foundation/Http/Middleware/TrimStrings.php(40): Illuminate\\Foundation\\Http\\Middleware\\TransformsRequest->handle()
#55 /home/u907354579/domains/newpiyatissa.lbmspark.com/public_html/vendor/laravel/framework/src/Illuminate/Pipeline/Pipeline.php(180): Illuminate\\Foundation\\Http\\Middleware\\TrimStrings->handle()
#56 /home/u907354579/domains/newpiyatissa.lbmspark.com/public_html/vendor/laravel/framework/src/Illuminate/Foundation/Http/Middleware/ValidatePostSize.php(27): Illuminate\\Pipeline\\Pipeline->Illuminate\\Pipeline\\{closure}()
#57 /home/u907354579/domains/newpiyatissa.lbmspark.com/public_html/vendor/laravel/framework/src/Illuminate/Pipeline/Pipeline.php(180): Illuminate\\Foundation\\Http\\Middleware\\ValidatePostSize->handle()
#58 /home/u907354579/domains/newpiyatissa.lbmspark.com/public_html/vendor/laravel/framework/src/Illuminate/Foundation/Http/Middleware/PreventRequestsDuringMaintenance.php(86): Illuminate\\Pipeline\\Pipeline->Illuminate\\Pipeline\\{closure}()
#59 /home/u907354579/domains/newpiyatissa.lbmspark.com/public_html/vendor/laravel/framework/src/Illuminate/Pipeline/Pipeline.php(180): Illuminate\\Foundation\\Http\\Middleware\\PreventRequestsDuringMaintenance->handle()
#60 /home/u907354579/domains/newpiyatissa.lbmspark.com/public_html/vendor/laravel/framework/src/Illuminate/Http/Middleware/HandleCors.php(49): Illuminate\\Pipeline\\Pipeline->Illuminate\\Pipeline\\{closure}()
#61 /home/u907354579/domains/newpiyatissa.lbmspark.com/public_html/vendor/laravel/framework/src/Illuminate/Pipeline/Pipeline.php(180): Illuminate\\Http\\Middleware\\HandleCors->handle()
#62 /home/u907354579/domains/newpiyatissa.lbmspark.com/public_html/vendor/laravel/framework/src/Illuminate/Http/Middleware/TrustProxies.php(39): Illuminate\\Pipeline\\Pipeline->Illuminate\\Pipeline\\{closure}()
#63 /home/u907354579/domains/newpiyatissa.lbmspark.com/public_html/vendor/laravel/framework/src/Illuminate/Pipeline/Pipeline.php(180): Illuminate\\Http\\Middleware\\TrustProxies->handle()
#64 /home/u907354579/domains/newpiyatissa.lbmspark.com/public_html/vendor/laravel/framework/src/Illuminate/Pipeline/Pipeline.php(116): Illuminate\\Pipeline\\Pipeline->Illuminate\\Pipeline\\{closure}()
#65 /home/u907354579/domains/newpiyatissa.lbmspark.com/public_html/vendor/laravel/framework/src/Illuminate/Foundation/Http/Kernel.php(165): Illuminate\\Pipeline\\Pipeline->then()
#66 /home/u907354579/domains/newpiyatissa.lbmspark.com/public_html/vendor/laravel/framework/src/Illuminate/Foundation/Http/Kernel.php(134): Illuminate\\Foundation\\Http\\Kernel->sendRequestThroughRouter()
#67 /home/u907354579/domains/newpiyatissa.lbmspark.com/public_html/public/index.php(51): Illuminate\\Foundation\\Http\\Kernel->handle()
#68 {main}
"} 
[2026-03-25 14:43:42] local.EMERGENCY: File:/home/u907354579/domains/newpiyatissa.lbmspark.com/public_html/app/Http/Controllers/ProductController.phpLine:841Message:Attempt to read property "enable_stock" on null  
